<?xml version="1.0" encoding="UTF-8"?>
<coverage generated="1744839277374" clover="3.2.0">
  <project timestamp="1744839277374" name="All files">
    <metrics statements="197" coveredstatements="155" conditionals="93" coveredconditionals="32" methods="81" coveredmethods="56" elements="371" coveredelements="243" complexity="0" loc="197" ncloc="197" packages="8" files="15" classes="15"/>
    <package name="src">
      <metrics statements="5" coveredstatements="3" conditionals="0" coveredconditionals="0" methods="1" coveredmethods="1"/>
      <file name="App.js" path="/Users/rishitachoubey/Downloads/task-manager-fixed/src/App.js">
        <metrics statements="2" coveredstatements="2" conditionals="0" coveredconditionals="0" methods="1" coveredmethods="1"/>
        <line num="6" count="2" type="stmt"/>
        <line num="7" count="5" type="stmt"/>
      </file>
      <file name="index.js" path="/Users/rishitachoubey/Downloads/task-manager-fixed/src/index.js">
        <metrics statements="2" coveredstatements="0" conditionals="0" coveredconditionals="0" methods="0" coveredmethods="0"/>
        <line num="7" count="0" type="stmt"/>
        <line num="8" count="0" type="stmt"/>
      </file>
      <file name="store.js" path="/Users/rishitachoubey/Downloads/task-manager-fixed/src/store.js">
        <metrics statements="1" coveredstatements="1" conditionals="0" coveredconditionals="0" methods="0" coveredmethods="0"/>
        <line num="4" count="8" type="stmt"/>
      </file>
    </package>
    <package name="src.api">
      <metrics statements="5" coveredstatements="5" conditionals="2" coveredconditionals="2" methods="4" coveredmethods="4"/>
      <file name="tasks.js" path="/Users/rishitachoubey/Downloads/task-manager-fixed/src/api/tasks.js">
        <metrics statements="5" coveredstatements="5" conditionals="2" coveredconditionals="2" methods="4" coveredmethods="4"/>
        <line num="2" count="9" type="stmt"/>
        <line num="3" count="5" type="stmt"/>
        <line num="4" count="5" type="stmt"/>
        <line num="5" count="1" type="stmt"/>
        <line num="116" count="20" type="stmt"/>
      </file>
    </package>
    <package name="src.components.common">
      <metrics statements="68" coveredstatements="50" conditionals="12" coveredconditionals="8" methods="27" coveredmethods="19"/>
      <file name="EditColumnsModal.jsx" path="/Users/rishitachoubey/Downloads/task-manager-fixed/src/components/common/EditColumnsModal.jsx">
        <metrics statements="57" coveredstatements="41" conditionals="8" coveredconditionals="4" methods="21" coveredmethods="15"/>
        <line num="6" count="4" type="stmt"/>
        <line num="15" count="4" type="stmt"/>
        <line num="24" count="4" type="stmt"/>
        <line num="30" count="4" type="stmt"/>
        <line num="34" count="4" type="stmt"/>
        <line num="41" count="4" type="stmt"/>
        <line num="46" count="4" type="stmt"/>
        <line num="50" count="4" type="stmt"/>
        <line num="56" count="4" type="stmt"/>
        <line num="64" count="4" type="stmt"/>
        <line num="71" count="4" type="stmt"/>
        <line num="77" count="12" type="cond" truecount="1" falsecount="1"/>
        <line num="78" count="12" type="cond" truecount="1" falsecount="1"/>
        <line num="81" count="4" type="stmt"/>
        <line num="92" count="4" type="stmt"/>
        <line num="103" count="4" type="stmt"/>
        <line num="104" count="7" type="stmt"/>
        <line num="105" count="4" type="stmt"/>
        <line num="106" count="4" type="stmt"/>
        <line num="107" count="4" type="stmt"/>
        <line num="109" count="4" type="stmt"/>
        <line num="110" count="2" type="stmt"/>
        <line num="111" count="2" type="cond" truecount="1" falsecount="1"/>
        <line num="112" count="0" type="stmt"/>
        <line num="113" count="0" type="stmt"/>
        <line num="114" count="0" type="stmt"/>
        <line num="118" count="4" type="stmt"/>
        <line num="119" count="1" type="stmt"/>
        <line num="120" count="6" type="cond" truecount="1" falsecount="1"/>
        <line num="124" count="4" type="stmt"/>
        <line num="125" count="0" type="stmt"/>
        <line num="128" count="4" type="stmt"/>
        <line num="129" count="0" type="stmt"/>
        <line num="130" count="0" type="stmt"/>
        <line num="131" count="0" type="stmt"/>
        <line num="132" count="0" type="stmt"/>
        <line num="133" count="0" type="stmt"/>
        <line num="136" count="4" type="stmt"/>
        <line num="137" count="6" type="stmt"/>
        <line num="138" count="5" type="stmt"/>
        <line num="139" count="1" type="stmt"/>
        <line num="141" count="1" type="stmt"/>
        <line num="142" count="1" type="stmt"/>
        <line num="143" count="1" type="stmt"/>
        <line num="144" count="1" type="stmt"/>
        <line num="148" count="4" type="stmt"/>
        <line num="160" count="32" type="stmt"/>
        <line num="164" count="1" type="stmt"/>
        <line num="174" count="24" type="stmt"/>
        <line num="176" count="22" type="stmt"/>
        <line num="179" count="0" type="stmt"/>
        <line num="180" count="0" type="stmt"/>
        <line num="181" count="0" type="stmt"/>
        <line num="191" count="0" type="stmt"/>
        <line num="195" count="0" type="stmt"/>
        <line num="196" count="0" type="stmt"/>
        <line num="197" count="0" type="stmt"/>
      </file>
      <file name="NavBar.jsx" path="/Users/rishitachoubey/Downloads/task-manager-fixed/src/components/common/NavBar.jsx">
        <metrics statements="11" coveredstatements="9" conditionals="4" coveredconditionals="4" methods="6" coveredmethods="4"/>
        <line num="5" count="5" type="stmt"/>
        <line num="13" count="5" type="stmt"/>
        <line num="14" count="42" type="stmt"/>
        <line num="18" count="14" type="cond" truecount="2" falsecount="0"/>
        <line num="19" count="14" type="cond" truecount="2" falsecount="0"/>
        <line num="26" count="5" type="stmt"/>
        <line num="27" count="7" type="stmt"/>
        <line num="28" count="7" type="stmt"/>
        <line num="30" count="7" type="stmt"/>
        <line num="34" count="0" type="stmt"/>
        <line num="37" count="0" type="stmt"/>
      </file>
    </package>
    <package name="src.components.dashboard">
      <metrics statements="30" coveredstatements="20" conditionals="38" coveredconditionals="0" methods="16" coveredmethods="8"/>
      <file name="CompletedTasksChart.jsx" path="/Users/rishitachoubey/Downloads/task-manager-fixed/src/components/dashboard/CompletedTasksChart.jsx">
        <metrics statements="8" coveredstatements="6" conditionals="10" coveredconditionals="0" methods="5" coveredmethods="2"/>
        <line num="5" count="4" type="stmt"/>
        <line num="6" count="6" type="stmt"/>
        <line num="8" count="3" type="stmt"/>
        <line num="10" count="3" type="stmt"/>
        <line num="12" count="0" type="cond" truecount="0" falsecount="8"/>
        <line num="20" count="0" type="cond" truecount="0" falsecount="2"/>
        <line num="23" count="3" type="stmt"/>
        <line num="25" count="3" type="stmt"/>
      </file>
      <file name="DueTasksChart.jsx" path="/Users/rishitachoubey/Downloads/task-manager-fixed/src/components/dashboard/DueTasksChart.jsx">
        <metrics statements="8" coveredstatements="6" conditionals="11" coveredconditionals="0" methods="5" coveredmethods="2"/>
        <line num="5" count="3" type="stmt"/>
        <line num="6" count="4" type="stmt"/>
        <line num="7" count="2" type="stmt"/>
        <line num="9" count="2" type="stmt"/>
        <line num="11" count="0" type="cond" truecount="0" falsecount="9"/>
        <line num="19" count="0" type="cond" truecount="0" falsecount="2"/>
        <line num="22" count="2" type="stmt"/>
        <line num="24" count="2" type="stmt"/>
      </file>
      <file name="EstimationPieChart.jsx" path="/Users/rishitachoubey/Downloads/task-manager-fixed/src/components/dashboard/EstimationPieChart.jsx">
        <metrics statements="14" coveredstatements="8" conditionals="17" coveredconditionals="0" methods="6" coveredmethods="4"/>
        <line num="5" count="3" type="stmt"/>
        <line num="7" count="3" type="stmt"/>
        <line num="8" count="4" type="stmt"/>
        <line num="9" count="2" type="stmt"/>
        <line num="16" count="2" type="stmt"/>
        <line num="18" count="0" type="cond" truecount="0" falsecount="9"/>
        <line num="26" count="0" type="cond" truecount="0" falsecount="2"/>
        <line num="27" count="0" type="cond" truecount="0" falsecount="2"/>
        <line num="28" count="0" type="cond" truecount="0" falsecount="2"/>
        <line num="29" count="0" type="cond" truecount="0" falsecount="2"/>
        <line num="30" count="0" type="stmt"/>
        <line num="33" count="8" type="stmt"/>
        <line num="38" count="2" type="stmt"/>
        <line num="51" count="8" type="stmt"/>
      </file>
    </package>
    <package name="src.components.drawer">
      <metrics statements="12" coveredstatements="10" conditionals="4" coveredconditionals="1" methods="2" coveredmethods="1"/>
      <file name="TaskDrawer.jsx" path="/Users/rishitachoubey/Downloads/task-manager-fixed/src/components/drawer/TaskDrawer.jsx">
        <metrics statements="12" coveredstatements="10" conditionals="4" coveredconditionals="1" methods="2" coveredmethods="1"/>
        <line num="4" count="4" type="stmt"/>
        <line num="18" count="4" type="stmt"/>
        <line num="29" count="4" type="stmt"/>
        <line num="37" count="4" type="stmt"/>
        <line num="43" count="4" type="stmt"/>
        <line num="50" count="4" type="stmt"/>
        <line num="55" count="4" type="stmt"/>
        <line num="60" count="4" type="stmt"/>
        <line num="66" count="4" type="stmt"/>
        <line num="67" count="10" type="cond" truecount="1" falsecount="1"/>
        <line num="69" count="0" type="stmt"/>
        <line num="109" count="0" type="stmt"/>
      </file>
    </package>
    <package name="src.components.table">
      <metrics statements="48" coveredstatements="42" conditionals="29" coveredconditionals="17" methods="20" coveredmethods="15"/>
      <file name="FilterBar.jsx" path="/Users/rishitachoubey/Downloads/task-manager-fixed/src/components/table/FilterBar.jsx">
        <metrics statements="9" coveredstatements="9" conditionals="0" coveredconditionals="0" methods="3" coveredmethods="3"/>
        <line num="6" count="5" type="stmt"/>
        <line num="14" count="5" type="stmt"/>
        <line num="29" count="5" type="stmt"/>
        <line num="43" count="5" type="stmt"/>
        <line num="44" count="8" type="stmt"/>
        <line num="45" count="19" type="stmt"/>
        <line num="47" count="8" type="stmt"/>
        <line num="48" count="1" type="stmt"/>
        <line num="51" count="8" type="stmt"/>
      </file>
      <file name="TaskTable.jsx" path="/Users/rishitachoubey/Downloads/task-manager-fixed/src/components/table/TaskTable.jsx">
        <metrics statements="39" coveredstatements="33" conditionals="29" coveredconditionals="17" methods="17" coveredmethods="12"/>
        <line num="7" count="4" type="stmt"/>
        <line num="18" count="4" type="stmt"/>
        <line num="23" count="4" type="stmt"/>
        <line num="30" count="4" type="stmt"/>
        <line num="34" count="4" type="stmt"/>
        <line num="41" count="4" type="stmt"/>
        <line num="46" count="4" type="stmt"/>
        <line num="53" count="4" type="stmt"/>
        <line num="59" count="4" type="stmt"/>
        <line num="60" count="10" type="stmt"/>
        <line num="61" count="20" type="stmt"/>
        <line num="62" count="10" type="stmt"/>
        <line num="63" count="10" type="stmt"/>
        <line num="64" count="10" type="stmt"/>
        <line num="66" count="10" type="stmt"/>
        <line num="67" count="5" type="stmt"/>
        <line num="70" count="10" type="stmt"/>
        <line num="71" count="30" type="stmt"/>
        <line num="81" count="10" type="stmt"/>
        <line num="83" count="10" type="stmt"/>
        <line num="84" count="6" type="stmt"/>
        <line num="85" count="1" type="cond" truecount="1" falsecount="1"/>
        <line num="86" count="1" type="stmt"/>
        <line num="87" count="1" type="cond" truecount="3" falsecount="1"/>
        <line num="88" count="0" type="stmt"/>
        <line num="90" count="1" type="stmt"/>
        <line num="94" count="6" type="stmt"/>
        <line num="97" count="10" type="stmt"/>
        <line num="98" count="0" type="cond" truecount="0" falsecount="2"/>
        <line num="99" count="0" type="stmt"/>
        <line num="100" count="0" type="cond" truecount="0" falsecount="2"/>
        <line num="101" count="0" type="stmt"/>
        <line num="105" count="10" type="stmt"/>
        <line num="117" count="6" type="stmt"/>
        <line num="119" count="6" type="stmt"/>
        <line num="125" count="10" type="stmt"/>
        <line num="128" count="60" type="stmt"/>
        <line num="130" count="60" type="stmt"/>
        <line num="138" count="0" type="stmt"/>
      </file>
    </package>
    <package name="src.features">
      <metrics statements="18" coveredstatements="16" conditionals="6" coveredconditionals="3" methods="7" coveredmethods="6"/>
      <file name="taskSlice.js" path="/Users/rishitachoubey/Downloads/task-manager-fixed/src/features/taskSlice.js">
        <metrics statements="18" coveredstatements="16" conditionals="6" coveredconditionals="3" methods="7" coveredmethods="6"/>
        <line num="5" count="9" type="stmt"/>
        <line num="6" count="9" type="cond" truecount="1" falsecount="1"/>
        <line num="9" count="9" type="stmt"/>
        <line num="26" count="9" type="stmt"/>
        <line num="27" count="5" type="stmt"/>
        <line num="28" count="1" type="stmt"/>
        <line num="32" count="9" type="stmt"/>
        <line num="37" count="2" type="stmt"/>
        <line num="40" count="2" type="stmt"/>
        <line num="41" count="2" type="stmt"/>
        <line num="45" count="9" type="stmt"/>
        <line num="47" count="5" type="stmt"/>
        <line num="48" count="5" type="stmt"/>
        <line num="51" count="1" type="stmt"/>
        <line num="52" count="1" type="stmt"/>
        <line num="55" count="0" type="stmt"/>
        <line num="56" count="0" type="cond" truecount="0" falsecount="2"/>
        <line num="61" count="9" type="stmt"/>
      </file>
    </package>
    <package name="src.pages">
      <metrics statements="11" coveredstatements="9" conditionals="2" coveredconditionals="1" methods="4" coveredmethods="2"/>
      <file name="Dashboard.jsx" path="/Users/rishitachoubey/Downloads/task-manager-fixed/src/pages/Dashboard.jsx">
        <metrics statements="4" coveredstatements="4" conditionals="0" coveredconditionals="0" methods="1" coveredmethods="1"/>
        <line num="9" count="3" type="stmt"/>
        <line num="13" count="3" type="stmt"/>
        <line num="20" count="3" type="stmt"/>
        <line num="21" count="2" type="stmt"/>
      </file>
      <file name="TableView.jsx" path="/Users/rishitachoubey/Downloads/task-manager-fixed/src/pages/TableView.jsx">
        <metrics statements="7" coveredstatements="5" conditionals="2" coveredconditionals="1" methods="3" coveredmethods="1"/>
        <line num="8" count="3" type="stmt"/>
        <line num="12" count="3" type="stmt"/>
        <line num="18" count="3" type="stmt"/>
        <line num="19" count="4" type="stmt"/>
        <line num="21" count="4" type="stmt"/>
        <line num="27" count="0" type="stmt"/>
        <line num="29" count="0" type="cond" truecount="1" falsecount="1"/>
      </file>
    </package>
  </project>
</coverage>
