<?xml version="1.0" encoding="UTF-8"?>
<coverage generated="1744841275155" clover="3.2.0">
  <project timestamp="1744841275155" name="All files">
    <metrics statements="113" coveredstatements="89" conditionals="39" coveredconditionals="22" methods="44" coveredmethods="31" elements="196" coveredelements="142" complexity="0" loc="113" ncloc="113" packages="4" files="5" classes="5"/>
    <package name="src">
      <metrics statements="1" coveredstatements="1" conditionals="0" coveredconditionals="0" methods="0" coveredmethods="0"/>
      <file name="store.js" path="/Users/rishitachoubey/Downloads/task-manager-fixed/src/store.js">
        <metrics statements="1" coveredstatements="1" conditionals="0" coveredconditionals="0" methods="0" coveredmethods="0"/>
        <line num="4" count="7" type="stmt"/>
      </file>
    </package>
    <package name="src.components.common">
      <metrics statements="57" coveredstatements="41" conditionals="8" coveredconditionals="4" methods="21" coveredmethods="15"/>
      <file name="EditColumnsModal.jsx" path="/Users/rishitachoubey/Downloads/task-manager-fixed/src/components/common/EditColumnsModal.jsx">
        <metrics statements="57" coveredstatements="41" conditionals="8" coveredconditionals="4" methods="21" coveredmethods="15"/>
        <line num="6" count="4" type="stmt"/>
        <line num="15" count="4" type="stmt"/>
        <line num="24" count="4" type="stmt"/>
        <line num="30" count="4" type="stmt"/>
        <line num="34" count="4" type="stmt"/>
        <line num="41" count="4" type="stmt"/>
        <line num="46" count="4" type="stmt"/>
        <line num="50" count="4" type="stmt"/>
        <line num="56" count="4" type="stmt"/>
        <line num="64" count="4" type="stmt"/>
        <line num="71" count="4" type="stmt"/>
        <line num="77" count="12" type="cond" truecount="1" falsecount="1"/>
        <line num="78" count="12" type="cond" truecount="1" falsecount="1"/>
        <line num="81" count="4" type="stmt"/>
        <line num="93" count="4" type="stmt"/>
        <line num="105" count="4" type="stmt"/>
        <line num="106" count="7" type="stmt"/>
        <line num="107" count="4" type="stmt"/>
        <line num="108" count="4" type="stmt"/>
        <line num="109" count="4" type="stmt"/>
        <line num="111" count="4" type="stmt"/>
        <line num="112" count="2" type="stmt"/>
        <line num="113" count="2" type="cond" truecount="1" falsecount="1"/>
        <line num="114" count="0" type="stmt"/>
        <line num="115" count="0" type="stmt"/>
        <line num="116" count="0" type="stmt"/>
        <line num="120" count="4" type="stmt"/>
        <line num="121" count="1" type="stmt"/>
        <line num="122" count="6" type="cond" truecount="1" falsecount="1"/>
        <line num="126" count="4" type="stmt"/>
        <line num="127" count="0" type="stmt"/>
        <line num="130" count="4" type="stmt"/>
        <line num="131" count="0" type="stmt"/>
        <line num="132" count="0" type="stmt"/>
        <line num="133" count="0" type="stmt"/>
        <line num="134" count="0" type="stmt"/>
        <line num="135" count="0" type="stmt"/>
        <line num="138" count="4" type="stmt"/>
        <line num="139" count="6" type="stmt"/>
        <line num="140" count="5" type="stmt"/>
        <line num="141" count="1" type="stmt"/>
        <line num="143" count="1" type="stmt"/>
        <line num="144" count="1" type="stmt"/>
        <line num="145" count="1" type="stmt"/>
        <line num="146" count="1" type="stmt"/>
        <line num="150" count="4" type="stmt"/>
        <line num="162" count="36" type="stmt"/>
        <line num="166" count="1" type="stmt"/>
        <line num="176" count="24" type="stmt"/>
        <line num="178" count="22" type="stmt"/>
        <line num="181" count="0" type="stmt"/>
        <line num="182" count="0" type="stmt"/>
        <line num="183" count="0" type="stmt"/>
        <line num="193" count="0" type="stmt"/>
        <line num="197" count="0" type="stmt"/>
        <line num="198" count="0" type="stmt"/>
        <line num="199" count="0" type="stmt"/>
      </file>
    </package>
    <package name="src.components.table">
      <metrics statements="48" coveredstatements="42" conditionals="29" coveredconditionals="17" methods="20" coveredmethods="15"/>
      <file name="FilterBar.jsx" path="/Users/rishitachoubey/Downloads/task-manager-fixed/src/components/table/FilterBar.jsx">
        <metrics statements="9" coveredstatements="9" conditionals="0" coveredconditionals="0" methods="3" coveredmethods="3"/>
        <line num="6" count="5" type="stmt"/>
        <line num="14" count="5" type="stmt"/>
        <line num="29" count="5" type="stmt"/>
        <line num="43" count="5" type="stmt"/>
        <line num="44" count="8" type="stmt"/>
        <line num="45" count="19" type="stmt"/>
        <line num="47" count="8" type="stmt"/>
        <line num="48" count="1" type="stmt"/>
        <line num="51" count="8" type="stmt"/>
      </file>
      <file name="TaskTable.jsx" path="/Users/rishitachoubey/Downloads/task-manager-fixed/src/components/table/TaskTable.jsx">
        <metrics statements="39" coveredstatements="33" conditionals="29" coveredconditionals="17" methods="17" coveredmethods="12"/>
        <line num="7" count="4" type="stmt"/>
        <line num="19" count="4" type="stmt"/>
        <line num="28" count="4" type="stmt"/>
        <line num="41" count="4" type="stmt"/>
        <line num="45" count="4" type="stmt"/>
        <line num="56" count="4" type="stmt"/>
        <line num="67" count="4" type="stmt"/>
        <line num="74" count="4" type="stmt"/>
        <line num="80" count="4" type="stmt"/>
        <line num="81" count="10" type="stmt"/>
        <line num="82" count="20" type="stmt"/>
        <line num="83" count="10" type="stmt"/>
        <line num="84" count="10" type="stmt"/>
        <line num="85" count="10" type="stmt"/>
        <line num="87" count="10" type="stmt"/>
        <line num="88" count="5" type="stmt"/>
        <line num="91" count="10" type="stmt"/>
        <line num="92" count="30" type="stmt"/>
        <line num="102" count="10" type="stmt"/>
        <line num="104" count="10" type="stmt"/>
        <line num="105" count="6" type="stmt"/>
        <line num="106" count="1" type="cond" truecount="1" falsecount="1"/>
        <line num="107" count="1" type="stmt"/>
        <line num="108" count="1" type="cond" truecount="3" falsecount="1"/>
        <line num="109" count="0" type="stmt"/>
        <line num="111" count="1" type="stmt"/>
        <line num="115" count="6" type="stmt"/>
        <line num="118" count="10" type="stmt"/>
        <line num="119" count="0" type="cond" truecount="0" falsecount="2"/>
        <line num="120" count="0" type="stmt"/>
        <line num="121" count="0" type="cond" truecount="0" falsecount="2"/>
        <line num="122" count="0" type="stmt"/>
        <line num="126" count="10" type="stmt"/>
        <line num="138" count="6" type="stmt"/>
        <line num="140" count="6" type="stmt"/>
        <line num="146" count="10" type="stmt"/>
        <line num="149" count="60" type="stmt"/>
        <line num="151" count="60" type="stmt"/>
        <line num="159" count="0" type="stmt"/>
      </file>
    </package>
    <package name="src.pages">
      <metrics statements="7" coveredstatements="5" conditionals="2" coveredconditionals="1" methods="3" coveredmethods="1"/>
      <file name="TableView.jsx" path="/Users/rishitachoubey/Downloads/task-manager-fixed/src/pages/TableView.jsx">
        <metrics statements="7" coveredstatements="5" conditionals="2" coveredconditionals="1" methods="3" coveredmethods="1"/>
        <line num="8" count="3" type="stmt"/>
        <line num="12" count="3" type="stmt"/>
        <line num="18" count="3" type="stmt"/>
        <line num="19" count="4" type="stmt"/>
        <line num="21" count="4" type="stmt"/>
        <line num="27" count="0" type="stmt"/>
        <line num="29" count="0" type="cond" truecount="1" falsecount="1"/>
      </file>
    </package>
  </project>
</coverage>
