{"/Users/rishitachoubey/Downloads/task-manager-fixed/src/store.js": {"path":"/Users/rishitachoubey/Downloads/task-manager-fixed/src/store.js","statementMap":{"0":{"start":{"line":4,"column":14},"end":{"line":8,"column":2}}},"fnMap":{},"branchMap":{},"s":{"0":7},"f":{},"b":{},"_coverageSchema":"1a1c01bbd47fc00a2c39e90264f33305004495a9","hash":"fac82ff7fa484ce311efeef574dea41657432536"}
,"/Users/rishitachoubey/Downloads/task-manager-fixed/src/components/common/EditColumnsModal.jsx": {"path":"/Users/rishitachoubey/Downloads/task-manager-fixed/src/components/common/EditColumnsModal.jsx","statementMap":{"0":{"start":{"line":6,"column":16},"end":{"line":13,"column":1}},"1":{"start":{"line":15,"column":14},"end":{"line":22,"column":1}},"2":{"start":{"line":24,"column":15},"end":{"line":28,"column":1}},"3":{"start":{"line":30,"column":14},"end":{"line":32,"column":1}},"4":{"start":{"line":34,"column":14},"end":{"line":39,"column":1}},"5":{"start":{"line":41,"column":14},"end":{"line":44,"column":1}},"6":{"start":{"line":46,"column":19},"end":{"line":48,"column":1}},"7":{"start":{"line":50,"column":14},"end":{"line":54,"column":1}},"8":{"start":{"line":56,"column":22},"end":{"line":62,"column":1}},"9":{"start":{"line":64,"column":20},"end":{"line":69,"column":1}},"10":{"start":{"line":71,"column":15},"end":{"line":79,"column":1}},"11":{"start":{"line":77,"column":28},"end":{"line":77,"column":63}},"12":{"start":{"line":78,"column":23},"end":{"line":78,"column":55}},"13":{"start":{"line":81,"column":23},"end":{"line":91,"column":1}},"14":{"start":{"line":93,"column":19},"end":{"line":103,"column":1}},"15":{"start":{"line":105,"column":25},"end":{"line":206,"column":1}},"16":{"start":{"line":106,"column":24},"end":{"line":106,"column":59}},"17":{"start":{"line":106,"column":47},"end":{"line":106,"column":58}},"18":{"start":{"line":107,"column":21},"end":{"line":107,"column":34}},"19":{"start":{"line":108,"column":34},"end":{"line":108,"column":64}},"20":{"start":{"line":109,"column":30},"end":{"line":109,"column":58}},"21":{"start":{"line":111,"column":4},"end":{"line":118,"column":11}},"22":{"start":{"line":112,"column":22},"end":{"line":112,"column":58}},"23":{"start":{"line":113,"column":8},"end":{"line":117,"column":9}},"24":{"start":{"line":114,"column":27},"end":{"line":114,"column":44}},"25":{"start":{"line":115,"column":12},"end":{"line":115,"column":39}},"26":{"start":{"line":116,"column":12},"end":{"line":116,"column":35}},"27":{"start":{"line":120,"column":27},"end":{"line":124,"column":5}},"28":{"start":{"line":121,"column":8},"end":{"line":123,"column":10}},"29":{"start":{"line":122,"column":12},"end":{"line":122,"column":79}},"30":{"start":{"line":122,"column":52},"end":{"line":122,"column":61}},"31":{"start":{"line":126,"column":28},"end":{"line":128,"column":5}},"32":{"start":{"line":127,"column":8},"end":{"line":127,"column":47}},"33":{"start":{"line":130,"column":23},"end":{"line":136,"column":5}},"34":{"start":{"line":131,"column":29},"end":{"line":131,"column":60}},"35":{"start":{"line":132,"column":25},"end":{"line":132,"column":35}},"36":{"start":{"line":133,"column":24},"end":{"line":133,"column":56}},"37":{"start":{"line":134,"column":8},"end":{"line":134,"column":41}},"38":{"start":{"line":135,"column":8},"end":{"line":135,"column":27}},"39":{"start":{"line":138,"column":24},"end":{"line":147,"column":7}},"40":{"start":{"line":139,"column":30},"end":{"line":139,"column":74}},"41":{"start":{"line":139,"column":52},"end":{"line":139,"column":73}},"42":{"start":{"line":140,"column":33},"end":{"line":140,"column":86}},"43":{"start":{"line":140,"column":57},"end":{"line":140,"column":85}},"44":{"start":{"line":141,"column":27},"end":{"line":141,"column":66}},"45":{"start":{"line":143,"column":24},"end":{"line":143,"column":54}},"46":{"start":{"line":144,"column":8},"end":{"line":144,"column":70}},"47":{"start":{"line":145,"column":8},"end":{"line":145,"column":38}},"48":{"start":{"line":146,"column":8},"end":{"line":146,"column":18}},"49":{"start":{"line":150,"column":4},"end":{"line":205,"column":6}},"50":{"start":{"line":162,"column":28},"end":{"line":169,"column":36}},"51":{"start":{"line":166,"column":52},"end":{"line":166,"column":71}},"52":{"start":{"line":176,"column":45},"end":{"line":176,"column":66}},"53":{"start":{"line":178,"column":32},"end":{"line":186,"column":48}},"54":{"start":{"line":181,"column":56},"end":{"line":181,"column":81}},"55":{"start":{"line":182,"column":55},"end":{"line":182,"column":73}},"56":{"start":{"line":183,"column":51},"end":{"line":183,"column":71}},"57":{"start":{"line":193,"column":46},"end":{"line":196,"column":25}},"58":{"start":{"line":197,"column":24},"end":{"line":197,"column":92}},"59":{"start":{"line":198,"column":24},"end":{"line":198,"column":60}},"60":{"start":{"line":199,"column":24},"end":{"line":199,"column":34}}},"fnMap":{"0":{"name":"(anonymous_0)","decl":{"start":{"line":77,"column":16},"end":{"line":77,"column":17}},"loc":{"start":{"line":77,"column":28},"end":{"line":77,"column":63}},"line":77},"1":{"name":"(anonymous_1)","decl":{"start":{"line":78,"column":11},"end":{"line":78,"column":12}},"loc":{"start":{"line":78,"column":23},"end":{"line":78,"column":55}},"line":78},"2":{"name":"(anonymous_2)","decl":{"start":{"line":105,"column":25},"end":{"line":105,"column":26}},"loc":{"start":{"line":105,"column":42},"end":{"line":206,"column":1}},"line":105},"3":{"name":"(anonymous_3)","decl":{"start":{"line":106,"column":36},"end":{"line":106,"column":37}},"loc":{"start":{"line":106,"column":47},"end":{"line":106,"column":58}},"line":106},"4":{"name":"(anonymous_4)","decl":{"start":{"line":111,"column":14},"end":{"line":111,"column":15}},"loc":{"start":{"line":111,"column":20},"end":{"line":118,"column":5}},"line":111},"5":{"name":"(anonymous_5)","decl":{"start":{"line":120,"column":27},"end":{"line":120,"column":28}},"loc":{"start":{"line":120,"column":36},"end":{"line":124,"column":5}},"line":120},"6":{"name":"(anonymous_6)","decl":{"start":{"line":121,"column":19},"end":{"line":121,"column":20}},"loc":{"start":{"line":122,"column":12},"end":{"line":122,"column":79}},"line":122},"7":{"name":"(anonymous_7)","decl":{"start":{"line":122,"column":45},"end":{"line":122,"column":46}},"loc":{"start":{"line":122,"column":52},"end":{"line":122,"column":61}},"line":122},"8":{"name":"(anonymous_8)","decl":{"start":{"line":126,"column":28},"end":{"line":126,"column":29}},"loc":{"start":{"line":126,"column":42},"end":{"line":128,"column":5}},"line":126},"9":{"name":"(anonymous_9)","decl":{"start":{"line":130,"column":23},"end":{"line":130,"column":24}},"loc":{"start":{"line":130,"column":37},"end":{"line":136,"column":5}},"line":130},"10":{"name":"(anonymous_10)","decl":{"start":{"line":138,"column":24},"end":{"line":138,"column":25}},"loc":{"start":{"line":138,"column":30},"end":{"line":147,"column":7}},"line":138},"11":{"name":"(anonymous_11)","decl":{"start":{"line":139,"column":43},"end":{"line":139,"column":44}},"loc":{"start":{"line":139,"column":52},"end":{"line":139,"column":73}},"line":139},"12":{"name":"(anonymous_12)","decl":{"start":{"line":140,"column":48},"end":{"line":140,"column":49}},"loc":{"start":{"line":140,"column":57},"end":{"line":140,"column":85}},"line":140},"13":{"name":"(anonymous_13)","decl":{"start":{"line":161,"column":44},"end":{"line":161,"column":45}},"loc":{"start":{"line":162,"column":28},"end":{"line":169,"column":36}},"line":162},"14":{"name":"(anonymous_14)","decl":{"start":{"line":166,"column":46},"end":{"line":166,"column":47}},"loc":{"start":{"line":166,"column":52},"end":{"line":166,"column":71}},"line":166},"15":{"name":"(anonymous_15)","decl":{"start":{"line":176,"column":36},"end":{"line":176,"column":37}},"loc":{"start":{"line":176,"column":45},"end":{"line":176,"column":66}},"line":176},"16":{"name":"(anonymous_16)","decl":{"start":{"line":177,"column":33},"end":{"line":177,"column":34}},"loc":{"start":{"line":178,"column":32},"end":{"line":186,"column":48}},"line":178},"17":{"name":"(anonymous_17)","decl":{"start":{"line":181,"column":49},"end":{"line":181,"column":50}},"loc":{"start":{"line":181,"column":56},"end":{"line":181,"column":81}},"line":181},"18":{"name":"(anonymous_18)","decl":{"start":{"line":182,"column":48},"end":{"line":182,"column":49}},"loc":{"start":{"line":182,"column":55},"end":{"line":182,"column":73}},"line":182},"19":{"name":"(anonymous_19)","decl":{"start":{"line":183,"column":44},"end":{"line":183,"column":45}},"loc":{"start":{"line":183,"column":51},"end":{"line":183,"column":71}},"line":183},"20":{"name":"(anonymous_20)","decl":{"start":{"line":192,"column":37},"end":{"line":192,"column":38}},"loc":{"start":{"line":192,"column":43},"end":{"line":200,"column":21}},"line":192}},"branchMap":{"0":{"loc":{"start":{"line":77,"column":28},"end":{"line":77,"column":63}},"type":"cond-expr","locations":[{"start":{"line":77,"column":45},"end":{"line":77,"column":54}},{"start":{"line":77,"column":57},"end":{"line":77,"column":63}}],"line":77},"1":{"loc":{"start":{"line":78,"column":23},"end":{"line":78,"column":55}},"type":"cond-expr","locations":[{"start":{"line":78,"column":40},"end":{"line":78,"column":46}},{"start":{"line":78,"column":49},"end":{"line":78,"column":55}}],"line":78},"2":{"loc":{"start":{"line":113,"column":8},"end":{"line":117,"column":9}},"type":"if","locations":[{"start":{"line":113,"column":8},"end":{"line":117,"column":9}},{"start":{},"end":{}}],"line":113},"3":{"loc":{"start":{"line":122,"column":12},"end":{"line":122,"column":79}},"type":"cond-expr","locations":[{"start":{"line":122,"column":33},"end":{"line":122,"column":62}},{"start":{"line":122,"column":65},"end":{"line":122,"column":79}}],"line":122}},"s":{"0":4,"1":4,"2":4,"3":4,"4":4,"5":4,"6":4,"7":4,"8":4,"9":4,"10":4,"11":12,"12":12,"13":4,"14":4,"15":4,"16":4,"17":7,"18":4,"19":4,"20":4,"21":4,"22":2,"23":2,"24":0,"25":0,"26":0,"27":4,"28":1,"29":1,"30":6,"31":4,"32":0,"33":4,"34":0,"35":0,"36":0,"37":0,"38":0,"39":4,"40":1,"41":6,"42":1,"43":5,"44":1,"45":1,"46":1,"47":1,"48":1,"49":4,"50":36,"51":1,"52":24,"53":22,"54":0,"55":0,"56":0,"57":0,"58":0,"59":0,"60":0},"f":{"0":12,"1":12,"2":4,"3":7,"4":2,"5":1,"6":1,"7":6,"8":0,"9":0,"10":1,"11":6,"12":5,"13":36,"14":1,"15":24,"16":22,"17":0,"18":0,"19":0,"20":0},"b":{"0":[0,12],"1":[0,12],"2":[0,2],"3":[1,0]},"_coverageSchema":"1a1c01bbd47fc00a2c39e90264f33305004495a9","hash":"028979e35b8bf27454dae5450a48757339fbd183"}
,"/Users/rishitachoubey/Downloads/task-manager-fixed/src/components/table/FilterBar.jsx": {"path":"/Users/rishitachoubey/Downloads/task-manager-fixed/src/components/table/FilterBar.jsx","statementMap":{"0":{"start":{"line":6,"column":24},"end":{"line":12,"column":1}},"1":{"start":{"line":14,"column":14},"end":{"line":27,"column":1}},"2":{"start":{"line":29,"column":15},"end":{"line":41,"column":1}},"3":{"start":{"line":43,"column":18},"end":{"line":78,"column":1}},"4":{"start":{"line":44,"column":19},"end":{"line":44,"column":32}},"5":{"start":{"line":45,"column":18},"end":{"line":45,"column":61}},"6":{"start":{"line":45,"column":41},"end":{"line":45,"column":60}},"7":{"start":{"line":47,"column":23},"end":{"line":49,"column":3}},"8":{"start":{"line":48,"column":4},"end":{"line":48,"column":62}},"9":{"start":{"line":51,"column":2},"end":{"line":77,"column":4}}},"fnMap":{"0":{"name":"(anonymous_0)","decl":{"start":{"line":43,"column":18},"end":{"line":43,"column":19}},"loc":{"start":{"line":43,"column":24},"end":{"line":78,"column":1}},"line":43},"1":{"name":"(anonymous_1)","decl":{"start":{"line":45,"column":30},"end":{"line":45,"column":31}},"loc":{"start":{"line":45,"column":41},"end":{"line":45,"column":60}},"line":45},"2":{"name":"(anonymous_2)","decl":{"start":{"line":47,"column":23},"end":{"line":47,"column":24}},"loc":{"start":{"line":47,"column":30},"end":{"line":49,"column":3}},"line":47}},"branchMap":{},"s":{"0":5,"1":5,"2":5,"3":5,"4":8,"5":8,"6":19,"7":8,"8":1,"9":8},"f":{"0":8,"1":19,"2":1},"b":{},"_coverageSchema":"1a1c01bbd47fc00a2c39e90264f33305004495a9","hash":"7a95484b52301757f042a9960fe5b9fc4dab201e"}
,"/Users/rishitachoubey/Downloads/task-manager-fixed/src/components/table/TaskTable.jsx": {"path":"/Users/rishitachoubey/Downloads/task-manager-fixed/src/components/table/TaskTable.jsx","statementMap":{"0":{"start":{"line":7,"column":19},"end":{"line":17,"column":1}},"1":{"start":{"line":19,"column":21},"end":{"line":26,"column":1}},"2":{"start":{"line":28,"column":20},"end":{"line":39,"column":1}},"3":{"start":{"line":41,"column":18},"end":{"line":43,"column":1}},"4":{"start":{"line":45,"column":11},"end":{"line":54,"column":1}},"5":{"start":{"line":56,"column":11},"end":{"line":65,"column":1}},"6":{"start":{"line":67,"column":11},"end":{"line":72,"column":1}},"7":{"start":{"line":74,"column":15},"end":{"line":78,"column":1}},"8":{"start":{"line":80,"column":18},"end":{"line":162,"column":1}},"9":{"start":{"line":81,"column":19},"end":{"line":81,"column":32}},"10":{"start":{"line":82,"column":53},"end":{"line":82,"column":88}},"11":{"start":{"line":82,"column":76},"end":{"line":82,"column":87}},"12":{"start":{"line":83,"column":42},"end":{"line":83,"column":56}},"13":{"start":{"line":84,"column":42},"end":{"line":84,"column":54}},"14":{"start":{"line":85,"column":19},"end":{"line":85,"column":27}},"15":{"start":{"line":87,"column":2},"end":{"line":89,"column":17}},"16":{"start":{"line":88,"column":4},"end":{"line":88,"column":27}},"17":{"start":{"line":91,"column":23},"end":{"line":100,"column":4}},"18":{"start":{"line":92,"column":4},"end":{"line":99,"column":6}},"19":{"start":{"line":102,"column":22},"end":{"line":102,"column":57}},"20":{"start":{"line":104,"column":2},"end":{"line":116,"column":42}},"21":{"start":{"line":105,"column":21},"end":{"line":114,"column":11}},"22":{"start":{"line":106,"column":6},"end":{"line":113,"column":7}},"23":{"start":{"line":107,"column":47},"end":{"line":107,"column":63}},"24":{"start":{"line":108,"column":8},"end":{"line":112,"column":9}},"25":{"start":{"line":109,"column":10},"end":{"line":109,"column":78}},"26":{"start":{"line":109,"column":36},"end":{"line":109,"column":76}},"27":{"start":{"line":111,"column":10},"end":{"line":111,"column":34}},"28":{"start":{"line":115,"column":4},"end":{"line":115,"column":41}},"29":{"start":{"line":115,"column":17},"end":{"line":115,"column":40}},"30":{"start":{"line":118,"column":23},"end":{"line":124,"column":3}},"31":{"start":{"line":119,"column":4},"end":{"line":119,"column":34}},"32":{"start":{"line":119,"column":27},"end":{"line":119,"column":34}},"33":{"start":{"line":120,"column":54},"end":{"line":120,"column":70}},"34":{"start":{"line":121,"column":4},"end":{"line":123,"column":5}},"35":{"start":{"line":122,"column":6},"end":{"line":122,"column":74}},"36":{"start":{"line":122,"column":32},"end":{"line":122,"column":72}},"37":{"start":{"line":126,"column":2},"end":{"line":161,"column":4}},"38":{"start":{"line":138,"column":33},"end":{"line":138,"column":62}},"39":{"start":{"line":140,"column":18},"end":{"line":140,"column":60}},"40":{"start":{"line":146,"column":14},"end":{"line":153,"column":19}},"41":{"start":{"line":146,"column":47},"end":{"line":146,"column":68}},"42":{"start":{"line":149,"column":35},"end":{"line":149,"column":64}},"43":{"start":{"line":151,"column":20},"end":{"line":151,"column":50}},"44":{"start":{"line":159,"column":53},"end":{"line":159,"column":74}}},"fnMap":{"0":{"name":"(anonymous_0)","decl":{"start":{"line":80,"column":18},"end":{"line":80,"column":19}},"loc":{"start":{"line":80,"column":24},"end":{"line":162,"column":1}},"line":80},"1":{"name":"(anonymous_1)","decl":{"start":{"line":82,"column":65},"end":{"line":82,"column":66}},"loc":{"start":{"line":82,"column":76},"end":{"line":82,"column":87}},"line":82},"2":{"name":"(anonymous_2)","decl":{"start":{"line":87,"column":12},"end":{"line":87,"column":13}},"loc":{"start":{"line":87,"column":18},"end":{"line":89,"column":3}},"line":87},"3":{"name":"(anonymous_3)","decl":{"start":{"line":91,"column":35},"end":{"line":91,"column":36}},"loc":{"start":{"line":91,"column":45},"end":{"line":100,"column":3}},"line":91},"4":{"name":"(anonymous_4)","decl":{"start":{"line":104,"column":12},"end":{"line":104,"column":13}},"loc":{"start":{"line":104,"column":18},"end":{"line":116,"column":3}},"line":104},"5":{"name":"(anonymous_5)","decl":{"start":{"line":105,"column":33},"end":{"line":105,"column":34}},"loc":{"start":{"line":105,"column":39},"end":{"line":114,"column":5}},"line":105},"6":{"name":"(anonymous_6)","decl":{"start":{"line":109,"column":26},"end":{"line":109,"column":27}},"loc":{"start":{"line":109,"column":36},"end":{"line":109,"column":76}},"line":109},"7":{"name":"(anonymous_7)","decl":{"start":{"line":115,"column":11},"end":{"line":115,"column":12}},"loc":{"start":{"line":115,"column":17},"end":{"line":115,"column":40}},"line":115},"8":{"name":"(anonymous_8)","decl":{"start":{"line":118,"column":23},"end":{"line":118,"column":24}},"loc":{"start":{"line":118,"column":29},"end":{"line":124,"column":3}},"line":118},"9":{"name":"(anonymous_9)","decl":{"start":{"line":122,"column":22},"end":{"line":122,"column":23}},"loc":{"start":{"line":122,"column":32},"end":{"line":122,"column":72}},"line":122},"10":{"name":"(anonymous_10)","decl":{"start":{"line":138,"column":24},"end":{"line":138,"column":25}},"loc":{"start":{"line":138,"column":33},"end":{"line":138,"column":62}},"line":138},"11":{"name":"(anonymous_11)","decl":{"start":{"line":139,"column":21},"end":{"line":139,"column":22}},"loc":{"start":{"line":140,"column":18},"end":{"line":140,"column":60}},"line":140},"12":{"name":"(anonymous_12)","decl":{"start":{"line":145,"column":29},"end":{"line":145,"column":30}},"loc":{"start":{"line":146,"column":14},"end":{"line":153,"column":19}},"line":146},"13":{"name":"(anonymous_13)","decl":{"start":{"line":146,"column":41},"end":{"line":146,"column":42}},"loc":{"start":{"line":146,"column":47},"end":{"line":146,"column":68}},"line":146},"14":{"name":"(anonymous_14)","decl":{"start":{"line":149,"column":26},"end":{"line":149,"column":27}},"loc":{"start":{"line":149,"column":35},"end":{"line":149,"column":64}},"line":149},"15":{"name":"(anonymous_15)","decl":{"start":{"line":150,"column":23},"end":{"line":150,"column":24}},"loc":{"start":{"line":151,"column":20},"end":{"line":151,"column":50}},"line":151},"16":{"name":"(anonymous_16)","decl":{"start":{"line":159,"column":47},"end":{"line":159,"column":48}},"loc":{"start":{"line":159,"column":53},"end":{"line":159,"column":74}},"line":159}},"branchMap":{"0":{"loc":{"start":{"line":93,"column":6},"end":{"line":98,"column":78}},"type":"binary-expr","locations":[{"start":{"line":93,"column":7},"end":{"line":93,"column":22}},{"start":{"line":93,"column":26},"end":{"line":93,"column":56}},{"start":{"line":94,"column":7},"end":{"line":94,"column":24}},{"start":{"line":94,"column":28},"end":{"line":94,"column":62}},{"start":{"line":95,"column":7},"end":{"line":95,"column":24}},{"start":{"line":95,"column":28},"end":{"line":95,"column":96}},{"start":{"line":96,"column":7},"end":{"line":96,"column":22}},{"start":{"line":97,"column":8},"end":{"line":97,"column":70}},{"start":{"line":98,"column":8},"end":{"line":98,"column":77}}],"line":93},"1":{"loc":{"start":{"line":106,"column":6},"end":{"line":113,"column":7}},"type":"if","locations":[{"start":{"line":106,"column":6},"end":{"line":113,"column":7}},{"start":{},"end":{}}],"line":106},"2":{"loc":{"start":{"line":108,"column":8},"end":{"line":112,"column":9}},"type":"if","locations":[{"start":{"line":108,"column":8},"end":{"line":112,"column":9}},{"start":{"line":110,"column":15},"end":{"line":112,"column":9}}],"line":108},"3":{"loc":{"start":{"line":108,"column":12},"end":{"line":108,"column":78}},"type":"binary-expr","locations":[{"start":{"line":108,"column":12},"end":{"line":108,"column":40}},{"start":{"line":108,"column":44},"end":{"line":108,"column":78}}],"line":108},"4":{"loc":{"start":{"line":119,"column":4},"end":{"line":119,"column":34}},"type":"if","locations":[{"start":{"line":119,"column":4},"end":{"line":119,"column":34}},{"start":{},"end":{}}],"line":119},"5":{"loc":{"start":{"line":121,"column":4},"end":{"line":123,"column":5}},"type":"if","locations":[{"start":{"line":121,"column":4},"end":{"line":123,"column":5}},{"start":{},"end":{}}],"line":121},"6":{"loc":{"start":{"line":128,"column":7},"end":{"line":128,"column":51}},"type":"binary-expr","locations":[{"start":{"line":128,"column":7},"end":{"line":128,"column":14}},{"start":{"line":128,"column":18},"end":{"line":128,"column":51}}],"line":128},"7":{"loc":{"start":{"line":129,"column":7},"end":{"line":129,"column":40}},"type":"binary-expr","locations":[{"start":{"line":129,"column":7},"end":{"line":129,"column":12}},{"start":{"line":129,"column":16},"end":{"line":129,"column":40}}],"line":129},"8":{"loc":{"start":{"line":130,"column":7},"end":{"line":130,"column":91}},"type":"binary-expr","locations":[{"start":{"line":130,"column":7},"end":{"line":130,"column":15}},{"start":{"line":130,"column":19},"end":{"line":130,"column":44}},{"start":{"line":130,"column":48},"end":{"line":130,"column":91}}],"line":130},"9":{"loc":{"start":{"line":132,"column":7},"end":{"line":157,"column":7}},"type":"binary-expr","locations":[{"start":{"line":132,"column":7},"end":{"line":132,"column":15}},{"start":{"line":132,"column":19},"end":{"line":132,"column":42}},{"start":{"line":133,"column":8},"end":{"line":156,"column":22}}],"line":132}},"s":{"0":4,"1":4,"2":4,"3":4,"4":4,"5":4,"6":4,"7":4,"8":4,"9":10,"10":10,"11":20,"12":10,"13":10,"14":10,"15":10,"16":5,"17":10,"18":30,"19":10,"20":10,"21":6,"22":1,"23":1,"24":1,"25":0,"26":0,"27":1,"28":6,"29":6,"30":10,"31":0,"32":0,"33":0,"34":0,"35":0,"36":0,"37":10,"38":6,"39":6,"40":10,"41":0,"42":60,"43":60,"44":0},"f":{"0":10,"1":20,"2":5,"3":30,"4":6,"5":1,"6":0,"7":6,"8":0,"9":0,"10":6,"11":6,"12":10,"13":0,"14":60,"15":60,"16":0},"b":{"0":[30,0,30,0,30,0,30,0,0],"1":[1,0],"2":[0,1],"3":[1,1],"4":[0,0],"5":[0,0],"6":[10,5],"7":[10,0],"8":[10,5,4],"9":[10,5,1]},"_coverageSchema":"1a1c01bbd47fc00a2c39e90264f33305004495a9","hash":"7e5e16d11220eba8d914a9230fd958cd849fee51"}
,"/Users/rishitachoubey/Downloads/task-manager-fixed/src/pages/TableView.jsx": {"path":"/Users/rishitachoubey/Downloads/task-manager-fixed/src/pages/TableView.jsx","statementMap":{"0":{"start":{"line":8,"column":20},"end":{"line":10,"column":1}},"1":{"start":{"line":12,"column":16},"end":{"line":16,"column":1}},"2":{"start":{"line":18,"column":18},"end":{"line":34,"column":1}},"3":{"start":{"line":19,"column":34},"end":{"line":19,"column":49}},"4":{"start":{"line":21,"column":2},"end":{"line":33,"column":4}},"5":{"start":{"line":27,"column":33},"end":{"line":27,"column":50}},"6":{"start":{"line":29,"column":54},"end":{"line":29,"column":72}}},"fnMap":{"0":{"name":"(anonymous_0)","decl":{"start":{"line":18,"column":18},"end":{"line":18,"column":19}},"loc":{"start":{"line":18,"column":24},"end":{"line":34,"column":1}},"line":18},"1":{"name":"(anonymous_1)","decl":{"start":{"line":27,"column":27},"end":{"line":27,"column":28}},"loc":{"start":{"line":27,"column":33},"end":{"line":27,"column":50}},"line":27},"2":{"name":"(anonymous_2)","decl":{"start":{"line":29,"column":48},"end":{"line":29,"column":49}},"loc":{"start":{"line":29,"column":54},"end":{"line":29,"column":72}},"line":29}},"branchMap":{"0":{"loc":{"start":{"line":29,"column":9},"end":{"line":29,"column":76}},"type":"binary-expr","locations":[{"start":{"line":29,"column":9},"end":{"line":29,"column":17}},{"start":{"line":29,"column":21},"end":{"line":29,"column":76}}],"line":29}},"s":{"0":3,"1":3,"2":3,"3":4,"4":4,"5":0,"6":0},"f":{"0":4,"1":0,"2":0},"b":{"0":[4,0]},"_coverageSchema":"1a1c01bbd47fc00a2c39e90264f33305004495a9","hash":"7b2acd7493b4e48591236b1b6cbe291b86535ddc"}
}
