{"/Users/rishitachoubey/Downloads/task-manager-fixed/src/App.js": {"path":"/Users/rishitachoubey/Downloads/task-manager-fixed/src/App.js","statementMap":{"0":{"start":{"line":6,"column":12},"end":{"line":15,"column":1}},"1":{"start":{"line":7,"column":2},"end":{"line":14,"column":11}}},"fnMap":{"0":{"name":"(anonymous_0)","decl":{"start":{"line":6,"column":12},"end":{"line":6,"column":13}},"loc":{"start":{"line":7,"column":2},"end":{"line":14,"column":11}},"line":7}},"branchMap":{},"s":{"0":2,"1":5},"f":{"0":5},"b":{},"_coverageSchema":"1a1c01bbd47fc00a2c39e90264f33305004495a9","hash":"f60f3298bb3d6d65a16597f0e98a73e93b075ce0"}
,"/Users/rishitachoubey/Downloads/task-manager-fixed/src/index.js": {"path":"/Users/rishitachoubey/Downloads/task-manager-fixed/src/index.js","statementMap":{"0":{"start":{"line":7,"column":13},"end":{"line":7,"column":65}},"1":{"start":{"line":8,"column":0},"end":{"line":14,"column":2}}},"fnMap":{},"branchMap":{},"s":{"0":0,"1":0},"f":{},"b":{}}
,"/Users/rishitachoubey/Downloads/task-manager-fixed/src/store.js": {"path":"/Users/rishitachoubey/Downloads/task-manager-fixed/src/store.js","statementMap":{"0":{"start":{"line":4,"column":14},"end":{"line":8,"column":2}}},"fnMap":{},"branchMap":{},"s":{"0":8},"f":{},"b":{},"_coverageSchema":"1a1c01bbd47fc00a2c39e90264f33305004495a9","hash":"fac82ff7fa484ce311efeef574dea41657432536"}
,"/Users/rishitachoubey/Downloads/task-manager-fixed/src/api/tasks.js": {"path":"/Users/rishitachoubey/Downloads/task-manager-fixed/src/api/tasks.js","statementMap":{"0":{"start":{"line":2,"column":29},"end":{"line":129,"column":3}},"1":{"start":{"line":3,"column":2},"end":{"line":129,"column":3}},"2":{"start":{"line":4,"column":4},"end":{"line":128,"column":11}},"3":{"start":{"line":5,"column":6},"end":{"line":127,"column":9}},"4":{"start":{"line":116,"column":49},"end":{"line":126,"column":9}}},"fnMap":{"0":{"name":"(anonymous_0)","decl":{"start":{"line":2,"column":29},"end":{"line":2,"column":30}},"loc":{"start":{"line":3,"column":2},"end":{"line":129,"column":3}},"line":3},"1":{"name":"(anonymous_1)","decl":{"start":{"line":3,"column":14},"end":{"line":3,"column":15}},"loc":{"start":{"line":4,"column":4},"end":{"line":128,"column":11}},"line":4},"2":{"name":"(anonymous_2)","decl":{"start":{"line":4,"column":15},"end":{"line":4,"column":16}},"loc":{"start":{"line":4,"column":21},"end":{"line":128,"column":5}},"line":4},"3":{"name":"(anonymous_3)","decl":{"start":{"line":116,"column":38},"end":{"line":116,"column":39}},"loc":{"start":{"line":116,"column":49},"end":{"line":126,"column":9}},"line":116}},"branchMap":{"0":{"loc":{"start":{"line":119,"column":18},"end":{"line":119,"column":59}},"type":"cond-expr","locations":[{"start":{"line":119,"column":32},"end":{"line":119,"column":43}},{"start":{"line":119,"column":46},"end":{"line":119,"column":59}}],"line":119}},"s":{"0":9,"1":5,"2":5,"3":1,"4":20},"f":{"0":5,"1":5,"2":1,"3":20},"b":{"0":[7,13]},"_coverageSchema":"1a1c01bbd47fc00a2c39e90264f33305004495a9","hash":"dcff86458f41837c8b9ab1920d3aa7869b858859"}
,"/Users/rishitachoubey/Downloads/task-manager-fixed/src/components/common/EditColumnsModal.jsx": {"path":"/Users/rishitachoubey/Downloads/task-manager-fixed/src/components/common/EditColumnsModal.jsx","statementMap":{"0":{"start":{"line":6,"column":16},"end":{"line":13,"column":1}},"1":{"start":{"line":15,"column":14},"end":{"line":22,"column":1}},"2":{"start":{"line":24,"column":15},"end":{"line":28,"column":1}},"3":{"start":{"line":30,"column":14},"end":{"line":32,"column":1}},"4":{"start":{"line":34,"column":14},"end":{"line":39,"column":1}},"5":{"start":{"line":41,"column":14},"end":{"line":44,"column":1}},"6":{"start":{"line":46,"column":19},"end":{"line":48,"column":1}},"7":{"start":{"line":50,"column":14},"end":{"line":54,"column":1}},"8":{"start":{"line":56,"column":22},"end":{"line":62,"column":1}},"9":{"start":{"line":64,"column":20},"end":{"line":69,"column":1}},"10":{"start":{"line":71,"column":15},"end":{"line":79,"column":1}},"11":{"start":{"line":77,"column":28},"end":{"line":77,"column":63}},"12":{"start":{"line":78,"column":23},"end":{"line":78,"column":55}},"13":{"start":{"line":81,"column":23},"end":{"line":90,"column":1}},"14":{"start":{"line":92,"column":19},"end":{"line":101,"column":1}},"15":{"start":{"line":103,"column":25},"end":{"line":204,"column":1}},"16":{"start":{"line":104,"column":24},"end":{"line":104,"column":59}},"17":{"start":{"line":104,"column":47},"end":{"line":104,"column":58}},"18":{"start":{"line":105,"column":21},"end":{"line":105,"column":34}},"19":{"start":{"line":106,"column":34},"end":{"line":106,"column":64}},"20":{"start":{"line":107,"column":30},"end":{"line":107,"column":58}},"21":{"start":{"line":109,"column":4},"end":{"line":116,"column":11}},"22":{"start":{"line":110,"column":22},"end":{"line":110,"column":58}},"23":{"start":{"line":111,"column":8},"end":{"line":115,"column":9}},"24":{"start":{"line":112,"column":27},"end":{"line":112,"column":44}},"25":{"start":{"line":113,"column":12},"end":{"line":113,"column":39}},"26":{"start":{"line":114,"column":12},"end":{"line":114,"column":35}},"27":{"start":{"line":118,"column":27},"end":{"line":122,"column":5}},"28":{"start":{"line":119,"column":8},"end":{"line":121,"column":10}},"29":{"start":{"line":120,"column":12},"end":{"line":120,"column":79}},"30":{"start":{"line":120,"column":52},"end":{"line":120,"column":61}},"31":{"start":{"line":124,"column":28},"end":{"line":126,"column":5}},"32":{"start":{"line":125,"column":8},"end":{"line":125,"column":47}},"33":{"start":{"line":128,"column":23},"end":{"line":134,"column":5}},"34":{"start":{"line":129,"column":29},"end":{"line":129,"column":60}},"35":{"start":{"line":130,"column":25},"end":{"line":130,"column":35}},"36":{"start":{"line":131,"column":24},"end":{"line":131,"column":56}},"37":{"start":{"line":132,"column":8},"end":{"line":132,"column":41}},"38":{"start":{"line":133,"column":8},"end":{"line":133,"column":27}},"39":{"start":{"line":136,"column":24},"end":{"line":145,"column":7}},"40":{"start":{"line":137,"column":30},"end":{"line":137,"column":74}},"41":{"start":{"line":137,"column":52},"end":{"line":137,"column":73}},"42":{"start":{"line":138,"column":33},"end":{"line":138,"column":86}},"43":{"start":{"line":138,"column":57},"end":{"line":138,"column":85}},"44":{"start":{"line":139,"column":27},"end":{"line":139,"column":66}},"45":{"start":{"line":141,"column":24},"end":{"line":141,"column":54}},"46":{"start":{"line":142,"column":8},"end":{"line":142,"column":70}},"47":{"start":{"line":143,"column":8},"end":{"line":143,"column":38}},"48":{"start":{"line":144,"column":8},"end":{"line":144,"column":18}},"49":{"start":{"line":148,"column":4},"end":{"line":203,"column":6}},"50":{"start":{"line":160,"column":28},"end":{"line":167,"column":36}},"51":{"start":{"line":164,"column":52},"end":{"line":164,"column":71}},"52":{"start":{"line":174,"column":45},"end":{"line":174,"column":66}},"53":{"start":{"line":176,"column":32},"end":{"line":184,"column":48}},"54":{"start":{"line":179,"column":56},"end":{"line":179,"column":81}},"55":{"start":{"line":180,"column":55},"end":{"line":180,"column":73}},"56":{"start":{"line":181,"column":51},"end":{"line":181,"column":71}},"57":{"start":{"line":191,"column":46},"end":{"line":194,"column":25}},"58":{"start":{"line":195,"column":24},"end":{"line":195,"column":92}},"59":{"start":{"line":196,"column":24},"end":{"line":196,"column":60}},"60":{"start":{"line":197,"column":24},"end":{"line":197,"column":34}}},"fnMap":{"0":{"name":"(anonymous_0)","decl":{"start":{"line":77,"column":16},"end":{"line":77,"column":17}},"loc":{"start":{"line":77,"column":28},"end":{"line":77,"column":63}},"line":77},"1":{"name":"(anonymous_1)","decl":{"start":{"line":78,"column":11},"end":{"line":78,"column":12}},"loc":{"start":{"line":78,"column":23},"end":{"line":78,"column":55}},"line":78},"2":{"name":"(anonymous_2)","decl":{"start":{"line":103,"column":25},"end":{"line":103,"column":26}},"loc":{"start":{"line":103,"column":42},"end":{"line":204,"column":1}},"line":103},"3":{"name":"(anonymous_3)","decl":{"start":{"line":104,"column":36},"end":{"line":104,"column":37}},"loc":{"start":{"line":104,"column":47},"end":{"line":104,"column":58}},"line":104},"4":{"name":"(anonymous_4)","decl":{"start":{"line":109,"column":14},"end":{"line":109,"column":15}},"loc":{"start":{"line":109,"column":20},"end":{"line":116,"column":5}},"line":109},"5":{"name":"(anonymous_5)","decl":{"start":{"line":118,"column":27},"end":{"line":118,"column":28}},"loc":{"start":{"line":118,"column":36},"end":{"line":122,"column":5}},"line":118},"6":{"name":"(anonymous_6)","decl":{"start":{"line":119,"column":19},"end":{"line":119,"column":20}},"loc":{"start":{"line":120,"column":12},"end":{"line":120,"column":79}},"line":120},"7":{"name":"(anonymous_7)","decl":{"start":{"line":120,"column":45},"end":{"line":120,"column":46}},"loc":{"start":{"line":120,"column":52},"end":{"line":120,"column":61}},"line":120},"8":{"name":"(anonymous_8)","decl":{"start":{"line":124,"column":28},"end":{"line":124,"column":29}},"loc":{"start":{"line":124,"column":42},"end":{"line":126,"column":5}},"line":124},"9":{"name":"(anonymous_9)","decl":{"start":{"line":128,"column":23},"end":{"line":128,"column":24}},"loc":{"start":{"line":128,"column":37},"end":{"line":134,"column":5}},"line":128},"10":{"name":"(anonymous_10)","decl":{"start":{"line":136,"column":24},"end":{"line":136,"column":25}},"loc":{"start":{"line":136,"column":30},"end":{"line":145,"column":7}},"line":136},"11":{"name":"(anonymous_11)","decl":{"start":{"line":137,"column":43},"end":{"line":137,"column":44}},"loc":{"start":{"line":137,"column":52},"end":{"line":137,"column":73}},"line":137},"12":{"name":"(anonymous_12)","decl":{"start":{"line":138,"column":48},"end":{"line":138,"column":49}},"loc":{"start":{"line":138,"column":57},"end":{"line":138,"column":85}},"line":138},"13":{"name":"(anonymous_13)","decl":{"start":{"line":159,"column":44},"end":{"line":159,"column":45}},"loc":{"start":{"line":160,"column":28},"end":{"line":167,"column":36}},"line":160},"14":{"name":"(anonymous_14)","decl":{"start":{"line":164,"column":46},"end":{"line":164,"column":47}},"loc":{"start":{"line":164,"column":52},"end":{"line":164,"column":71}},"line":164},"15":{"name":"(anonymous_15)","decl":{"start":{"line":174,"column":36},"end":{"line":174,"column":37}},"loc":{"start":{"line":174,"column":45},"end":{"line":174,"column":66}},"line":174},"16":{"name":"(anonymous_16)","decl":{"start":{"line":175,"column":33},"end":{"line":175,"column":34}},"loc":{"start":{"line":176,"column":32},"end":{"line":184,"column":48}},"line":176},"17":{"name":"(anonymous_17)","decl":{"start":{"line":179,"column":49},"end":{"line":179,"column":50}},"loc":{"start":{"line":179,"column":56},"end":{"line":179,"column":81}},"line":179},"18":{"name":"(anonymous_18)","decl":{"start":{"line":180,"column":48},"end":{"line":180,"column":49}},"loc":{"start":{"line":180,"column":55},"end":{"line":180,"column":73}},"line":180},"19":{"name":"(anonymous_19)","decl":{"start":{"line":181,"column":44},"end":{"line":181,"column":45}},"loc":{"start":{"line":181,"column":51},"end":{"line":181,"column":71}},"line":181},"20":{"name":"(anonymous_20)","decl":{"start":{"line":190,"column":37},"end":{"line":190,"column":38}},"loc":{"start":{"line":190,"column":43},"end":{"line":198,"column":21}},"line":190}},"branchMap":{"0":{"loc":{"start":{"line":77,"column":28},"end":{"line":77,"column":63}},"type":"cond-expr","locations":[{"start":{"line":77,"column":45},"end":{"line":77,"column":54}},{"start":{"line":77,"column":57},"end":{"line":77,"column":63}}],"line":77},"1":{"loc":{"start":{"line":78,"column":23},"end":{"line":78,"column":55}},"type":"cond-expr","locations":[{"start":{"line":78,"column":40},"end":{"line":78,"column":46}},{"start":{"line":78,"column":49},"end":{"line":78,"column":55}}],"line":78},"2":{"loc":{"start":{"line":111,"column":8},"end":{"line":115,"column":9}},"type":"if","locations":[{"start":{"line":111,"column":8},"end":{"line":115,"column":9}},{"start":{},"end":{}}],"line":111},"3":{"loc":{"start":{"line":120,"column":12},"end":{"line":120,"column":79}},"type":"cond-expr","locations":[{"start":{"line":120,"column":33},"end":{"line":120,"column":62}},{"start":{"line":120,"column":65},"end":{"line":120,"column":79}}],"line":120}},"s":{"0":4,"1":4,"2":4,"3":4,"4":4,"5":4,"6":4,"7":4,"8":4,"9":4,"10":4,"11":12,"12":12,"13":4,"14":4,"15":4,"16":4,"17":7,"18":4,"19":4,"20":4,"21":4,"22":2,"23":2,"24":0,"25":0,"26":0,"27":4,"28":1,"29":1,"30":6,"31":4,"32":0,"33":4,"34":0,"35":0,"36":0,"37":0,"38":0,"39":4,"40":1,"41":6,"42":1,"43":5,"44":1,"45":1,"46":1,"47":1,"48":1,"49":4,"50":32,"51":1,"52":24,"53":22,"54":0,"55":0,"56":0,"57":0,"58":0,"59":0,"60":0},"f":{"0":12,"1":12,"2":4,"3":7,"4":2,"5":1,"6":1,"7":6,"8":0,"9":0,"10":1,"11":6,"12":5,"13":32,"14":1,"15":24,"16":22,"17":0,"18":0,"19":0,"20":0},"b":{"0":[0,12],"1":[0,12],"2":[0,2],"3":[1,0]},"_coverageSchema":"1a1c01bbd47fc00a2c39e90264f33305004495a9","hash":"f4e98fc22032d914f94f6e6b4927a0b317ce7139"}
,"/Users/rishitachoubey/Downloads/task-manager-fixed/src/components/common/NavBar.jsx": {"path":"/Users/rishitachoubey/Downloads/task-manager-fixed/src/components/common/NavBar.jsx","statementMap":{"0":{"start":{"line":5,"column":19},"end":{"line":11,"column":1}},"1":{"start":{"line":13,"column":18},"end":{"line":24,"column":3}},"2":{"start":{"line":14,"column":33},"end":{"line":14,"column":50}},"3":{"start":{"line":18,"column":35},"end":{"line":18,"column":65}},"4":{"start":{"line":19,"column":30},"end":{"line":19,"column":55}},"5":{"start":{"line":26,"column":15},"end":{"line":43,"column":1}},"6":{"start":{"line":27,"column":19},"end":{"line":27,"column":32}},"7":{"start":{"line":28,"column":19},"end":{"line":28,"column":32}},"8":{"start":{"line":30,"column":2},"end":{"line":42,"column":4}},"9":{"start":{"line":34,"column":34},"end":{"line":34,"column":52}},"10":{"start":{"line":37,"column":34},"end":{"line":37,"column":56}}},"fnMap":{"0":{"name":"(anonymous_0)","decl":{"start":{"line":14,"column":23},"end":{"line":14,"column":24}},"loc":{"start":{"line":14,"column":33},"end":{"line":14,"column":50}},"line":14},"1":{"name":"(anonymous_1)","decl":{"start":{"line":18,"column":18},"end":{"line":18,"column":19}},"loc":{"start":{"line":18,"column":35},"end":{"line":18,"column":65}},"line":18},"2":{"name":"(anonymous_2)","decl":{"start":{"line":19,"column":13},"end":{"line":19,"column":14}},"loc":{"start":{"line":19,"column":30},"end":{"line":19,"column":55}},"line":19},"3":{"name":"(anonymous_3)","decl":{"start":{"line":26,"column":15},"end":{"line":26,"column":16}},"loc":{"start":{"line":26,"column":21},"end":{"line":43,"column":1}},"line":26},"4":{"name":"(anonymous_4)","decl":{"start":{"line":34,"column":28},"end":{"line":34,"column":29}},"loc":{"start":{"line":34,"column":34},"end":{"line":34,"column":52}},"line":34},"5":{"name":"(anonymous_5)","decl":{"start":{"line":37,"column":28},"end":{"line":37,"column":29}},"loc":{"start":{"line":37,"column":34},"end":{"line":37,"column":56}},"line":37}},"branchMap":{"0":{"loc":{"start":{"line":18,"column":35},"end":{"line":18,"column":65}},"type":"cond-expr","locations":[{"start":{"line":18,"column":44},"end":{"line":18,"column":53}},{"start":{"line":18,"column":56},"end":{"line":18,"column":65}}],"line":18},"1":{"loc":{"start":{"line":19,"column":30},"end":{"line":19,"column":55}},"type":"cond-expr","locations":[{"start":{"line":19,"column":39},"end":{"line":19,"column":46}},{"start":{"line":19,"column":49},"end":{"line":19,"column":55}}],"line":19}},"s":{"0":5,"1":5,"2":42,"3":14,"4":14,"5":5,"6":7,"7":7,"8":7,"9":0,"10":0},"f":{"0":42,"1":14,"2":14,"3":7,"4":0,"5":0},"b":{"0":[4,10],"1":[4,10]},"_coverageSchema":"1a1c01bbd47fc00a2c39e90264f33305004495a9","hash":"61f6dd197c3264894e506eadbfc353fb68b341dd"}
,"/Users/rishitachoubey/Downloads/task-manager-fixed/src/components/dashboard/CompletedTasksChart.jsx": {"path":"/Users/rishitachoubey/Downloads/task-manager-fixed/src/components/dashboard/CompletedTasksChart.jsx","statementMap":{"0":{"start":{"line":5,"column":28},"end":{"line":38,"column":1}},"1":{"start":{"line":6,"column":28},"end":{"line":6,"column":63}},"2":{"start":{"line":6,"column":51},"end":{"line":6,"column":62}},"3":{"start":{"line":8,"column":18},"end":{"line":8,"column":20}},"4":{"start":{"line":10,"column":2},"end":{"line":21,"column":7}},"5":{"start":{"line":12,"column":6},"end":{"line":17,"column":78}},"6":{"start":{"line":20,"column":6},"end":{"line":20,"column":63}},"7":{"start":{"line":23,"column":15},"end":{"line":23,"column":80}},"8":{"start":{"line":23,"column":63},"end":{"line":23,"column":78}},"9":{"start":{"line":25,"column":2},"end":{"line":37,"column":4}}},"fnMap":{"0":{"name":"(anonymous_0)","decl":{"start":{"line":5,"column":28},"end":{"line":5,"column":29}},"loc":{"start":{"line":5,"column":34},"end":{"line":38,"column":1}},"line":5},"1":{"name":"(anonymous_1)","decl":{"start":{"line":6,"column":40},"end":{"line":6,"column":41}},"loc":{"start":{"line":6,"column":51},"end":{"line":6,"column":62}},"line":6},"2":{"name":"(anonymous_2)","decl":{"start":{"line":11,"column":12},"end":{"line":11,"column":13}},"loc":{"start":{"line":12,"column":6},"end":{"line":17,"column":78}},"line":12},"3":{"name":"(anonymous_3)","decl":{"start":{"line":19,"column":13},"end":{"line":19,"column":14}},"loc":{"start":{"line":19,"column":23},"end":{"line":21,"column":5}},"line":19},"4":{"name":"(anonymous_4)","decl":{"start":{"line":23,"column":43},"end":{"line":23,"column":44}},"loc":{"start":{"line":23,"column":63},"end":{"line":23,"column":78}},"line":23}},"branchMap":{"0":{"loc":{"start":{"line":12,"column":6},"end":{"line":17,"column":78}},"type":"binary-expr","locations":[{"start":{"line":12,"column":6},"end":{"line":12,"column":33}},{"start":{"line":13,"column":7},"end":{"line":13,"column":24}},{"start":{"line":13,"column":28},"end":{"line":13,"column":62}},{"start":{"line":14,"column":7},"end":{"line":14,"column":24}},{"start":{"line":14,"column":28},"end":{"line":14,"column":96}},{"start":{"line":15,"column":7},"end":{"line":15,"column":22}},{"start":{"line":16,"column":8},"end":{"line":16,"column":70}},{"start":{"line":17,"column":8},"end":{"line":17,"column":77}}],"line":12},"1":{"loc":{"start":{"line":20,"column":31},"end":{"line":20,"column":57}},"type":"binary-expr","locations":[{"start":{"line":20,"column":31},"end":{"line":20,"column":52}},{"start":{"line":20,"column":56},"end":{"line":20,"column":57}}],"line":20}},"s":{"0":4,"1":3,"2":6,"3":3,"4":3,"5":0,"6":0,"7":3,"8":0,"9":3},"f":{"0":3,"1":6,"2":0,"3":0,"4":0},"b":{"0":[0,0,0,0,0,0,0,0],"1":[0,0]},"_coverageSchema":"1a1c01bbd47fc00a2c39e90264f33305004495a9","hash":"b73344b342aba704bf7ebcf12e18e83f211e1f15"}
,"/Users/rishitachoubey/Downloads/task-manager-fixed/src/components/dashboard/DueTasksChart.jsx": {"path":"/Users/rishitachoubey/Downloads/task-manager-fixed/src/components/dashboard/DueTasksChart.jsx","statementMap":{"0":{"start":{"line":5,"column":22},"end":{"line":37,"column":1}},"1":{"start":{"line":6,"column":28},"end":{"line":6,"column":63}},"2":{"start":{"line":6,"column":51},"end":{"line":6,"column":62}},"3":{"start":{"line":7,"column":18},"end":{"line":7,"column":20}},"4":{"start":{"line":9,"column":2},"end":{"line":20,"column":7}},"5":{"start":{"line":11,"column":6},"end":{"line":16,"column":78}},"6":{"start":{"line":19,"column":6},"end":{"line":19,"column":63}},"7":{"start":{"line":22,"column":15},"end":{"line":22,"column":80}},"8":{"start":{"line":22,"column":63},"end":{"line":22,"column":78}},"9":{"start":{"line":24,"column":2},"end":{"line":36,"column":4}}},"fnMap":{"0":{"name":"(anonymous_0)","decl":{"start":{"line":5,"column":22},"end":{"line":5,"column":23}},"loc":{"start":{"line":5,"column":28},"end":{"line":37,"column":1}},"line":5},"1":{"name":"(anonymous_1)","decl":{"start":{"line":6,"column":40},"end":{"line":6,"column":41}},"loc":{"start":{"line":6,"column":51},"end":{"line":6,"column":62}},"line":6},"2":{"name":"(anonymous_2)","decl":{"start":{"line":10,"column":12},"end":{"line":10,"column":13}},"loc":{"start":{"line":11,"column":6},"end":{"line":16,"column":78}},"line":11},"3":{"name":"(anonymous_3)","decl":{"start":{"line":18,"column":13},"end":{"line":18,"column":14}},"loc":{"start":{"line":18,"column":23},"end":{"line":20,"column":5}},"line":18},"4":{"name":"(anonymous_4)","decl":{"start":{"line":22,"column":43},"end":{"line":22,"column":44}},"loc":{"start":{"line":22,"column":63},"end":{"line":22,"column":78}},"line":22}},"branchMap":{"0":{"loc":{"start":{"line":11,"column":6},"end":{"line":16,"column":78}},"type":"binary-expr","locations":[{"start":{"line":11,"column":7},"end":{"line":11,"column":22}},{"start":{"line":11,"column":26},"end":{"line":11,"column":56}},{"start":{"line":12,"column":7},"end":{"line":12,"column":24}},{"start":{"line":12,"column":28},"end":{"line":12,"column":62}},{"start":{"line":13,"column":7},"end":{"line":13,"column":24}},{"start":{"line":13,"column":28},"end":{"line":13,"column":96}},{"start":{"line":14,"column":7},"end":{"line":14,"column":22}},{"start":{"line":15,"column":8},"end":{"line":15,"column":70}},{"start":{"line":16,"column":8},"end":{"line":16,"column":77}}],"line":11},"1":{"loc":{"start":{"line":19,"column":31},"end":{"line":19,"column":57}},"type":"binary-expr","locations":[{"start":{"line":19,"column":31},"end":{"line":19,"column":52}},{"start":{"line":19,"column":56},"end":{"line":19,"column":57}}],"line":19}},"s":{"0":3,"1":2,"2":4,"3":2,"4":2,"5":0,"6":0,"7":2,"8":0,"9":2},"f":{"0":2,"1":4,"2":0,"3":0,"4":0},"b":{"0":[0,0,0,0,0,0,0,0,0],"1":[0,0]},"_coverageSchema":"1a1c01bbd47fc00a2c39e90264f33305004495a9","hash":"4c9bd0b81e0f8a4051d584dfbddc762a741195e8"}
,"/Users/rishitachoubey/Downloads/task-manager-fixed/src/components/dashboard/EstimationPieChart.jsx": {"path":"/Users/rishitachoubey/Downloads/task-manager-fixed/src/components/dashboard/EstimationPieChart.jsx","statementMap":{"0":{"start":{"line":5,"column":15},"end":{"line":5,"column":59}},"1":{"start":{"line":7,"column":27},"end":{"line":59,"column":1}},"2":{"start":{"line":8,"column":28},"end":{"line":8,"column":63}},"3":{"start":{"line":8,"column":51},"end":{"line":8,"column":62}},"4":{"start":{"line":9,"column":19},"end":{"line":14,"column":3}},"5":{"start":{"line":16,"column":2},"end":{"line":31,"column":7}},"6":{"start":{"line":18,"column":6},"end":{"line":23,"column":78}},"7":{"start":{"line":26,"column":16},"end":{"line":26,"column":40}},"8":{"start":{"line":27,"column":6},"end":{"line":30,"column":28}},"9":{"start":{"line":27,"column":18},"end":{"line":27,"column":36}},"10":{"start":{"line":28,"column":11},"end":{"line":30,"column":28}},"11":{"start":{"line":28,"column":23},"end":{"line":28,"column":41}},"12":{"start":{"line":29,"column":11},"end":{"line":30,"column":28}},"13":{"start":{"line":29,"column":23},"end":{"line":29,"column":41}},"14":{"start":{"line":30,"column":11},"end":{"line":30,"column":28}},"15":{"start":{"line":33,"column":15},"end":{"line":36,"column":5}},"16":{"start":{"line":33,"column":65},"end":{"line":36,"column":3}},"17":{"start":{"line":38,"column":2},"end":{"line":58,"column":4}},"18":{"start":{"line":51,"column":14},"end":{"line":51,"column":71}}},"fnMap":{"0":{"name":"(anonymous_0)","decl":{"start":{"line":7,"column":27},"end":{"line":7,"column":28}},"loc":{"start":{"line":7,"column":33},"end":{"line":59,"column":1}},"line":7},"1":{"name":"(anonymous_1)","decl":{"start":{"line":8,"column":40},"end":{"line":8,"column":41}},"loc":{"start":{"line":8,"column":51},"end":{"line":8,"column":62}},"line":8},"2":{"name":"(anonymous_2)","decl":{"start":{"line":17,"column":12},"end":{"line":17,"column":13}},"loc":{"start":{"line":18,"column":6},"end":{"line":23,"column":78}},"line":18},"3":{"name":"(anonymous_3)","decl":{"start":{"line":25,"column":13},"end":{"line":25,"column":14}},"loc":{"start":{"line":25,"column":23},"end":{"line":31,"column":5}},"line":25},"4":{"name":"(anonymous_4)","decl":{"start":{"line":33,"column":44},"end":{"line":33,"column":45}},"loc":{"start":{"line":33,"column":65},"end":{"line":36,"column":3}},"line":33},"5":{"name":"(anonymous_5)","decl":{"start":{"line":50,"column":22},"end":{"line":50,"column":23}},"loc":{"start":{"line":51,"column":14},"end":{"line":51,"column":71}},"line":51}},"branchMap":{"0":{"loc":{"start":{"line":18,"column":6},"end":{"line":23,"column":78}},"type":"binary-expr","locations":[{"start":{"line":18,"column":7},"end":{"line":18,"column":22}},{"start":{"line":18,"column":26},"end":{"line":18,"column":56}},{"start":{"line":19,"column":7},"end":{"line":19,"column":24}},{"start":{"line":19,"column":28},"end":{"line":19,"column":62}},{"start":{"line":20,"column":7},"end":{"line":20,"column":24}},{"start":{"line":20,"column":28},"end":{"line":20,"column":96}},{"start":{"line":21,"column":7},"end":{"line":21,"column":22}},{"start":{"line":22,"column":8},"end":{"line":22,"column":70}},{"start":{"line":23,"column":8},"end":{"line":23,"column":77}}],"line":18},"1":{"loc":{"start":{"line":26,"column":16},"end":{"line":26,"column":40}},"type":"binary-expr","locations":[{"start":{"line":26,"column":16},"end":{"line":26,"column":35}},{"start":{"line":26,"column":39},"end":{"line":26,"column":40}}],"line":26},"2":{"loc":{"start":{"line":27,"column":6},"end":{"line":30,"column":28}},"type":"if","locations":[{"start":{"line":27,"column":6},"end":{"line":30,"column":28}},{"start":{"line":28,"column":11},"end":{"line":30,"column":28}}],"line":27},"3":{"loc":{"start":{"line":28,"column":11},"end":{"line":30,"column":28}},"type":"if","locations":[{"start":{"line":28,"column":11},"end":{"line":30,"column":28}},{"start":{"line":29,"column":11},"end":{"line":30,"column":28}}],"line":28},"4":{"loc":{"start":{"line":29,"column":11},"end":{"line":30,"column":28}},"type":"if","locations":[{"start":{"line":29,"column":11},"end":{"line":30,"column":28}},{"start":{"line":30,"column":11},"end":{"line":30,"column":28}}],"line":29}},"s":{"0":3,"1":3,"2":2,"3":4,"4":2,"5":2,"6":0,"7":0,"8":0,"9":0,"10":0,"11":0,"12":0,"13":0,"14":0,"15":2,"16":8,"17":2,"18":8},"f":{"0":2,"1":4,"2":0,"3":0,"4":8,"5":8},"b":{"0":[0,0,0,0,0,0,0,0,0],"1":[0,0],"2":[0,0],"3":[0,0],"4":[0,0]},"_coverageSchema":"1a1c01bbd47fc00a2c39e90264f33305004495a9","hash":"92ec831665712841a7cc4ddd2da4ed9739cc7edd"}
,"/Users/rishitachoubey/Downloads/task-manager-fixed/src/components/drawer/TaskDrawer.jsx": {"path":"/Users/rishitachoubey/Downloads/task-manager-fixed/src/components/drawer/TaskDrawer.jsx","statementMap":{"0":{"start":{"line":4,"column":15},"end":{"line":16,"column":1}},"1":{"start":{"line":18,"column":17},"end":{"line":27,"column":1}},"2":{"start":{"line":29,"column":14},"end":{"line":35,"column":1}},"3":{"start":{"line":37,"column":16},"end":{"line":41,"column":1}},"4":{"start":{"line":43,"column":14},"end":{"line":48,"column":1}},"5":{"start":{"line":50,"column":14},"end":{"line":53,"column":1}},"6":{"start":{"line":55,"column":20},"end":{"line":58,"column":1}},"7":{"start":{"line":60,"column":20},"end":{"line":64,"column":1}},"8":{"start":{"line":66,"column":19},"end":{"line":116,"column":1}},"9":{"start":{"line":67,"column":2},"end":{"line":67,"column":25}},"10":{"start":{"line":67,"column":13},"end":{"line":67,"column":25}},"11":{"start":{"line":69,"column":2},"end":{"line":115,"column":4}},"12":{"start":{"line":109,"column":14},"end":{"line":109,"column":53}}},"fnMap":{"0":{"name":"(anonymous_0)","decl":{"start":{"line":66,"column":19},"end":{"line":66,"column":20}},"loc":{"start":{"line":66,"column":42},"end":{"line":116,"column":1}},"line":66},"1":{"name":"(anonymous_1)","decl":{"start":{"line":108,"column":31},"end":{"line":108,"column":32}},"loc":{"start":{"line":109,"column":14},"end":{"line":109,"column":53}},"line":109}},"branchMap":{"0":{"loc":{"start":{"line":67,"column":2},"end":{"line":67,"column":25}},"type":"if","locations":[{"start":{"line":67,"column":2},"end":{"line":67,"column":25}},{"start":{},"end":{}}],"line":67},"1":{"loc":{"start":{"line":104,"column":7},"end":{"line":113,"column":7}},"type":"binary-expr","locations":[{"start":{"line":104,"column":7},"end":{"line":104,"column":32}},{"start":{"line":105,"column":8},"end":{"line":112,"column":18}}],"line":104}},"s":{"0":4,"1":4,"2":4,"3":4,"4":4,"5":4,"6":4,"7":4,"8":4,"9":10,"10":10,"11":0,"12":0},"f":{"0":10,"1":0},"b":{"0":[10,0],"1":[0,0]},"_coverageSchema":"1a1c01bbd47fc00a2c39e90264f33305004495a9","hash":"708c1c4681c0325eb86aa84dfc38d319569bc0e4"}
,"/Users/rishitachoubey/Downloads/task-manager-fixed/src/components/table/FilterBar.jsx": {"path":"/Users/rishitachoubey/Downloads/task-manager-fixed/src/components/table/FilterBar.jsx","statementMap":{"0":{"start":{"line":6,"column":24},"end":{"line":12,"column":1}},"1":{"start":{"line":14,"column":14},"end":{"line":27,"column":1}},"2":{"start":{"line":29,"column":15},"end":{"line":41,"column":1}},"3":{"start":{"line":43,"column":18},"end":{"line":78,"column":1}},"4":{"start":{"line":44,"column":19},"end":{"line":44,"column":32}},"5":{"start":{"line":45,"column":18},"end":{"line":45,"column":61}},"6":{"start":{"line":45,"column":41},"end":{"line":45,"column":60}},"7":{"start":{"line":47,"column":23},"end":{"line":49,"column":3}},"8":{"start":{"line":48,"column":4},"end":{"line":48,"column":62}},"9":{"start":{"line":51,"column":2},"end":{"line":77,"column":4}}},"fnMap":{"0":{"name":"(anonymous_0)","decl":{"start":{"line":43,"column":18},"end":{"line":43,"column":19}},"loc":{"start":{"line":43,"column":24},"end":{"line":78,"column":1}},"line":43},"1":{"name":"(anonymous_1)","decl":{"start":{"line":45,"column":30},"end":{"line":45,"column":31}},"loc":{"start":{"line":45,"column":41},"end":{"line":45,"column":60}},"line":45},"2":{"name":"(anonymous_2)","decl":{"start":{"line":47,"column":23},"end":{"line":47,"column":24}},"loc":{"start":{"line":47,"column":30},"end":{"line":49,"column":3}},"line":47}},"branchMap":{},"s":{"0":5,"1":5,"2":5,"3":5,"4":8,"5":8,"6":19,"7":8,"8":1,"9":8},"f":{"0":8,"1":19,"2":1},"b":{},"_coverageSchema":"1a1c01bbd47fc00a2c39e90264f33305004495a9","hash":"7a95484b52301757f042a9960fe5b9fc4dab201e"}
,"/Users/rishitachoubey/Downloads/task-manager-fixed/src/components/table/TaskTable.jsx": {"path":"/Users/rishitachoubey/Downloads/task-manager-fixed/src/components/table/TaskTable.jsx","statementMap":{"0":{"start":{"line":7,"column":19},"end":{"line":16,"column":1}},"1":{"start":{"line":18,"column":21},"end":{"line":21,"column":1}},"2":{"start":{"line":23,"column":20},"end":{"line":28,"column":1}},"3":{"start":{"line":30,"column":18},"end":{"line":32,"column":1}},"4":{"start":{"line":34,"column":11},"end":{"line":39,"column":1}},"5":{"start":{"line":41,"column":11},"end":{"line":44,"column":1}},"6":{"start":{"line":46,"column":11},"end":{"line":51,"column":1}},"7":{"start":{"line":53,"column":15},"end":{"line":57,"column":1}},"8":{"start":{"line":59,"column":18},"end":{"line":141,"column":1}},"9":{"start":{"line":60,"column":19},"end":{"line":60,"column":32}},"10":{"start":{"line":61,"column":53},"end":{"line":61,"column":88}},"11":{"start":{"line":61,"column":76},"end":{"line":61,"column":87}},"12":{"start":{"line":62,"column":42},"end":{"line":62,"column":56}},"13":{"start":{"line":63,"column":42},"end":{"line":63,"column":54}},"14":{"start":{"line":64,"column":19},"end":{"line":64,"column":27}},"15":{"start":{"line":66,"column":2},"end":{"line":68,"column":17}},"16":{"start":{"line":67,"column":4},"end":{"line":67,"column":27}},"17":{"start":{"line":70,"column":23},"end":{"line":79,"column":4}},"18":{"start":{"line":71,"column":4},"end":{"line":78,"column":6}},"19":{"start":{"line":81,"column":22},"end":{"line":81,"column":57}},"20":{"start":{"line":83,"column":2},"end":{"line":95,"column":42}},"21":{"start":{"line":84,"column":21},"end":{"line":93,"column":11}},"22":{"start":{"line":85,"column":6},"end":{"line":92,"column":7}},"23":{"start":{"line":86,"column":47},"end":{"line":86,"column":63}},"24":{"start":{"line":87,"column":8},"end":{"line":91,"column":9}},"25":{"start":{"line":88,"column":10},"end":{"line":88,"column":78}},"26":{"start":{"line":88,"column":36},"end":{"line":88,"column":76}},"27":{"start":{"line":90,"column":10},"end":{"line":90,"column":34}},"28":{"start":{"line":94,"column":4},"end":{"line":94,"column":41}},"29":{"start":{"line":94,"column":17},"end":{"line":94,"column":40}},"30":{"start":{"line":97,"column":23},"end":{"line":103,"column":3}},"31":{"start":{"line":98,"column":4},"end":{"line":98,"column":34}},"32":{"start":{"line":98,"column":27},"end":{"line":98,"column":34}},"33":{"start":{"line":99,"column":54},"end":{"line":99,"column":70}},"34":{"start":{"line":100,"column":4},"end":{"line":102,"column":5}},"35":{"start":{"line":101,"column":6},"end":{"line":101,"column":74}},"36":{"start":{"line":101,"column":32},"end":{"line":101,"column":72}},"37":{"start":{"line":105,"column":2},"end":{"line":140,"column":4}},"38":{"start":{"line":117,"column":33},"end":{"line":117,"column":62}},"39":{"start":{"line":119,"column":18},"end":{"line":119,"column":60}},"40":{"start":{"line":125,"column":14},"end":{"line":132,"column":19}},"41":{"start":{"line":125,"column":47},"end":{"line":125,"column":68}},"42":{"start":{"line":128,"column":35},"end":{"line":128,"column":64}},"43":{"start":{"line":130,"column":20},"end":{"line":130,"column":50}},"44":{"start":{"line":138,"column":53},"end":{"line":138,"column":74}}},"fnMap":{"0":{"name":"(anonymous_0)","decl":{"start":{"line":59,"column":18},"end":{"line":59,"column":19}},"loc":{"start":{"line":59,"column":24},"end":{"line":141,"column":1}},"line":59},"1":{"name":"(anonymous_1)","decl":{"start":{"line":61,"column":65},"end":{"line":61,"column":66}},"loc":{"start":{"line":61,"column":76},"end":{"line":61,"column":87}},"line":61},"2":{"name":"(anonymous_2)","decl":{"start":{"line":66,"column":12},"end":{"line":66,"column":13}},"loc":{"start":{"line":66,"column":18},"end":{"line":68,"column":3}},"line":66},"3":{"name":"(anonymous_3)","decl":{"start":{"line":70,"column":35},"end":{"line":70,"column":36}},"loc":{"start":{"line":70,"column":45},"end":{"line":79,"column":3}},"line":70},"4":{"name":"(anonymous_4)","decl":{"start":{"line":83,"column":12},"end":{"line":83,"column":13}},"loc":{"start":{"line":83,"column":18},"end":{"line":95,"column":3}},"line":83},"5":{"name":"(anonymous_5)","decl":{"start":{"line":84,"column":33},"end":{"line":84,"column":34}},"loc":{"start":{"line":84,"column":39},"end":{"line":93,"column":5}},"line":84},"6":{"name":"(anonymous_6)","decl":{"start":{"line":88,"column":26},"end":{"line":88,"column":27}},"loc":{"start":{"line":88,"column":36},"end":{"line":88,"column":76}},"line":88},"7":{"name":"(anonymous_7)","decl":{"start":{"line":94,"column":11},"end":{"line":94,"column":12}},"loc":{"start":{"line":94,"column":17},"end":{"line":94,"column":40}},"line":94},"8":{"name":"(anonymous_8)","decl":{"start":{"line":97,"column":23},"end":{"line":97,"column":24}},"loc":{"start":{"line":97,"column":29},"end":{"line":103,"column":3}},"line":97},"9":{"name":"(anonymous_9)","decl":{"start":{"line":101,"column":22},"end":{"line":101,"column":23}},"loc":{"start":{"line":101,"column":32},"end":{"line":101,"column":72}},"line":101},"10":{"name":"(anonymous_10)","decl":{"start":{"line":117,"column":24},"end":{"line":117,"column":25}},"loc":{"start":{"line":117,"column":33},"end":{"line":117,"column":62}},"line":117},"11":{"name":"(anonymous_11)","decl":{"start":{"line":118,"column":21},"end":{"line":118,"column":22}},"loc":{"start":{"line":119,"column":18},"end":{"line":119,"column":60}},"line":119},"12":{"name":"(anonymous_12)","decl":{"start":{"line":124,"column":29},"end":{"line":124,"column":30}},"loc":{"start":{"line":125,"column":14},"end":{"line":132,"column":19}},"line":125},"13":{"name":"(anonymous_13)","decl":{"start":{"line":125,"column":41},"end":{"line":125,"column":42}},"loc":{"start":{"line":125,"column":47},"end":{"line":125,"column":68}},"line":125},"14":{"name":"(anonymous_14)","decl":{"start":{"line":128,"column":26},"end":{"line":128,"column":27}},"loc":{"start":{"line":128,"column":35},"end":{"line":128,"column":64}},"line":128},"15":{"name":"(anonymous_15)","decl":{"start":{"line":129,"column":23},"end":{"line":129,"column":24}},"loc":{"start":{"line":130,"column":20},"end":{"line":130,"column":50}},"line":130},"16":{"name":"(anonymous_16)","decl":{"start":{"line":138,"column":47},"end":{"line":138,"column":48}},"loc":{"start":{"line":138,"column":53},"end":{"line":138,"column":74}},"line":138}},"branchMap":{"0":{"loc":{"start":{"line":72,"column":6},"end":{"line":77,"column":78}},"type":"binary-expr","locations":[{"start":{"line":72,"column":7},"end":{"line":72,"column":22}},{"start":{"line":72,"column":26},"end":{"line":72,"column":56}},{"start":{"line":73,"column":7},"end":{"line":73,"column":24}},{"start":{"line":73,"column":28},"end":{"line":73,"column":62}},{"start":{"line":74,"column":7},"end":{"line":74,"column":24}},{"start":{"line":74,"column":28},"end":{"line":74,"column":96}},{"start":{"line":75,"column":7},"end":{"line":75,"column":22}},{"start":{"line":76,"column":8},"end":{"line":76,"column":70}},{"start":{"line":77,"column":8},"end":{"line":77,"column":77}}],"line":72},"1":{"loc":{"start":{"line":85,"column":6},"end":{"line":92,"column":7}},"type":"if","locations":[{"start":{"line":85,"column":6},"end":{"line":92,"column":7}},{"start":{},"end":{}}],"line":85},"2":{"loc":{"start":{"line":87,"column":8},"end":{"line":91,"column":9}},"type":"if","locations":[{"start":{"line":87,"column":8},"end":{"line":91,"column":9}},{"start":{"line":89,"column":15},"end":{"line":91,"column":9}}],"line":87},"3":{"loc":{"start":{"line":87,"column":12},"end":{"line":87,"column":78}},"type":"binary-expr","locations":[{"start":{"line":87,"column":12},"end":{"line":87,"column":40}},{"start":{"line":87,"column":44},"end":{"line":87,"column":78}}],"line":87},"4":{"loc":{"start":{"line":98,"column":4},"end":{"line":98,"column":34}},"type":"if","locations":[{"start":{"line":98,"column":4},"end":{"line":98,"column":34}},{"start":{},"end":{}}],"line":98},"5":{"loc":{"start":{"line":100,"column":4},"end":{"line":102,"column":5}},"type":"if","locations":[{"start":{"line":100,"column":4},"end":{"line":102,"column":5}},{"start":{},"end":{}}],"line":100},"6":{"loc":{"start":{"line":107,"column":7},"end":{"line":107,"column":51}},"type":"binary-expr","locations":[{"start":{"line":107,"column":7},"end":{"line":107,"column":14}},{"start":{"line":107,"column":18},"end":{"line":107,"column":51}}],"line":107},"7":{"loc":{"start":{"line":108,"column":7},"end":{"line":108,"column":40}},"type":"binary-expr","locations":[{"start":{"line":108,"column":7},"end":{"line":108,"column":12}},{"start":{"line":108,"column":16},"end":{"line":108,"column":40}}],"line":108},"8":{"loc":{"start":{"line":109,"column":7},"end":{"line":109,"column":91}},"type":"binary-expr","locations":[{"start":{"line":109,"column":7},"end":{"line":109,"column":15}},{"start":{"line":109,"column":19},"end":{"line":109,"column":44}},{"start":{"line":109,"column":48},"end":{"line":109,"column":91}}],"line":109},"9":{"loc":{"start":{"line":111,"column":7},"end":{"line":136,"column":7}},"type":"binary-expr","locations":[{"start":{"line":111,"column":7},"end":{"line":111,"column":15}},{"start":{"line":111,"column":19},"end":{"line":111,"column":42}},{"start":{"line":112,"column":8},"end":{"line":135,"column":22}}],"line":111}},"s":{"0":4,"1":4,"2":4,"3":4,"4":4,"5":4,"6":4,"7":4,"8":4,"9":10,"10":10,"11":20,"12":10,"13":10,"14":10,"15":10,"16":5,"17":10,"18":30,"19":10,"20":10,"21":6,"22":1,"23":1,"24":1,"25":0,"26":0,"27":1,"28":6,"29":6,"30":10,"31":0,"32":0,"33":0,"34":0,"35":0,"36":0,"37":10,"38":6,"39":6,"40":10,"41":0,"42":60,"43":60,"44":0},"f":{"0":10,"1":20,"2":5,"3":30,"4":6,"5":1,"6":0,"7":6,"8":0,"9":0,"10":6,"11":6,"12":10,"13":0,"14":60,"15":60,"16":0},"b":{"0":[30,0,30,0,30,0,30,0,0],"1":[1,0],"2":[0,1],"3":[1,1],"4":[0,0],"5":[0,0],"6":[10,5],"7":[10,0],"8":[10,5,4],"9":[10,5,1]},"_coverageSchema":"1a1c01bbd47fc00a2c39e90264f33305004495a9","hash":"df25f5690ceef5cdad76a61ac53712e1f9e06bfe"}
,"/Users/rishitachoubey/Downloads/task-manager-fixed/src/features/taskSlice.js": {"path":"/Users/rishitachoubey/Downloads/task-manager-fixed/src/features/taskSlice.js","statementMap":{"0":{"start":{"line":5,"column":20},"end":{"line":5,"column":56}},"1":{"start":{"line":6,"column":21},"end":{"line":6,"column":65}},"2":{"start":{"line":9,"column":21},"end":{"line":23,"column":1}},"3":{"start":{"line":26,"column":26},"end":{"line":29,"column":2}},"4":{"start":{"line":27,"column":19},"end":{"line":27,"column":40}},"5":{"start":{"line":28,"column":2},"end":{"line":28,"column":18}},"6":{"start":{"line":32,"column":18},"end":{"line":59,"column":2}},"7":{"start":{"line":37,"column":6},"end":{"line":37,"column":62}},"8":{"start":{"line":40,"column":6},"end":{"line":40,"column":37}},"9":{"start":{"line":41,"column":6},"end":{"line":41,"column":75}},"10":{"start":{"line":45,"column":4},"end":{"line":57,"column":9}},"11":{"start":{"line":47,"column":8},"end":{"line":47,"column":29}},"12":{"start":{"line":48,"column":8},"end":{"line":48,"column":27}},"13":{"start":{"line":51,"column":8},"end":{"line":51,"column":30}},"14":{"start":{"line":52,"column":8},"end":{"line":52,"column":36}},"15":{"start":{"line":55,"column":8},"end":{"line":55,"column":30}},"16":{"start":{"line":56,"column":8},"end":{"line":56,"column":70}},"17":{"start":{"line":61,"column":42},"end":{"line":61,"column":59}}},"fnMap":{"0":{"name":"(anonymous_0)","decl":{"start":{"line":26,"column":63},"end":{"line":26,"column":64}},"loc":{"start":{"line":26,"column":75},"end":{"line":29,"column":1}},"line":26},"1":{"name":"(anonymous_1)","decl":{"start":{"line":36,"column":16},"end":{"line":36,"column":17}},"loc":{"start":{"line":36,"column":35},"end":{"line":38,"column":5}},"line":36},"2":{"name":"(anonymous_2)","decl":{"start":{"line":39,"column":16},"end":{"line":39,"column":17}},"loc":{"start":{"line":39,"column":35},"end":{"line":42,"column":5}},"line":39},"3":{"name":"(anonymous_3)","decl":{"start":{"line":44,"column":17},"end":{"line":44,"column":18}},"loc":{"start":{"line":44,"column":30},"end":{"line":58,"column":3}},"line":44},"4":{"name":"(anonymous_4)","decl":{"start":{"line":46,"column":35},"end":{"line":46,"column":36}},"loc":{"start":{"line":46,"column":46},"end":{"line":49,"column":7}},"line":46},"5":{"name":"(anonymous_5)","decl":{"start":{"line":50,"column":37},"end":{"line":50,"column":38}},"loc":{"start":{"line":50,"column":56},"end":{"line":53,"column":7}},"line":50},"6":{"name":"(anonymous_6)","decl":{"start":{"line":54,"column":36},"end":{"line":54,"column":37}},"loc":{"start":{"line":54,"column":55},"end":{"line":57,"column":7}},"line":54}},"branchMap":{"0":{"loc":{"start":{"line":6,"column":21},"end":{"line":6,"column":65}},"type":"cond-expr","locations":[{"start":{"line":6,"column":35},"end":{"line":6,"column":58}},{"start":{"line":6,"column":61},"end":{"line":6,"column":65}}],"line":6},"1":{"loc":{"start":{"line":19,"column":11},"end":{"line":22,"column":3}},"type":"binary-expr","locations":[{"start":{"line":19,"column":11},"end":{"line":19,"column":23}},{"start":{"line":19,"column":27},"end":{"line":22,"column":3}}],"line":19},"2":{"loc":{"start":{"line":56,"column":22},"end":{"line":56,"column":69}},"type":"binary-expr","locations":[{"start":{"line":56,"column":22},"end":{"line":56,"column":42}},{"start":{"line":56,"column":46},"end":{"line":56,"column":69}}],"line":56}},"s":{"0":9,"1":9,"2":9,"3":9,"4":5,"5":1,"6":9,"7":2,"8":2,"9":2,"10":9,"11":5,"12":5,"13":1,"14":1,"15":0,"16":0,"17":9},"f":{"0":5,"1":2,"2":2,"3":9,"4":5,"5":1,"6":0},"b":{"0":[0,9],"1":[9,9],"2":[0,0]},"_coverageSchema":"1a1c01bbd47fc00a2c39e90264f33305004495a9","hash":"2e4dcec7f5e44e3b98256b02a8c813b9b4e336b8"}
,"/Users/rishitachoubey/Downloads/task-manager-fixed/src/pages/Dashboard.jsx": {"path":"/Users/rishitachoubey/Downloads/task-manager-fixed/src/pages/Dashboard.jsx","statementMap":{"0":{"start":{"line":9,"column":18},"end":{"line":11,"column":1}},"1":{"start":{"line":13,"column":18},"end":{"line":18,"column":1}},"2":{"start":{"line":20,"column":18},"end":{"line":33,"column":1}},"3":{"start":{"line":21,"column":2},"end":{"line":32,"column":4}}},"fnMap":{"0":{"name":"(anonymous_0)","decl":{"start":{"line":20,"column":18},"end":{"line":20,"column":19}},"loc":{"start":{"line":20,"column":24},"end":{"line":33,"column":1}},"line":20}},"branchMap":{},"s":{"0":3,"1":3,"2":3,"3":2},"f":{"0":2},"b":{},"_coverageSchema":"1a1c01bbd47fc00a2c39e90264f33305004495a9","hash":"83aeecdcac9253d989ee87caca8ffa15af161751"}
,"/Users/rishitachoubey/Downloads/task-manager-fixed/src/pages/TableView.jsx": {"path":"/Users/rishitachoubey/Downloads/task-manager-fixed/src/pages/TableView.jsx","statementMap":{"0":{"start":{"line":8,"column":20},"end":{"line":10,"column":1}},"1":{"start":{"line":12,"column":16},"end":{"line":16,"column":1}},"2":{"start":{"line":18,"column":18},"end":{"line":34,"column":1}},"3":{"start":{"line":19,"column":34},"end":{"line":19,"column":49}},"4":{"start":{"line":21,"column":2},"end":{"line":33,"column":4}},"5":{"start":{"line":27,"column":33},"end":{"line":27,"column":50}},"6":{"start":{"line":29,"column":54},"end":{"line":29,"column":72}}},"fnMap":{"0":{"name":"(anonymous_0)","decl":{"start":{"line":18,"column":18},"end":{"line":18,"column":19}},"loc":{"start":{"line":18,"column":24},"end":{"line":34,"column":1}},"line":18},"1":{"name":"(anonymous_1)","decl":{"start":{"line":27,"column":27},"end":{"line":27,"column":28}},"loc":{"start":{"line":27,"column":33},"end":{"line":27,"column":50}},"line":27},"2":{"name":"(anonymous_2)","decl":{"start":{"line":29,"column":48},"end":{"line":29,"column":49}},"loc":{"start":{"line":29,"column":54},"end":{"line":29,"column":72}},"line":29}},"branchMap":{"0":{"loc":{"start":{"line":29,"column":9},"end":{"line":29,"column":76}},"type":"binary-expr","locations":[{"start":{"line":29,"column":9},"end":{"line":29,"column":17}},{"start":{"line":29,"column":21},"end":{"line":29,"column":76}}],"line":29}},"s":{"0":3,"1":3,"2":3,"3":4,"4":4,"5":0,"6":0},"f":{"0":4,"1":0,"2":0},"b":{"0":[4,0]},"_coverageSchema":"1a1c01bbd47fc00a2c39e90264f33305004495a9","hash":"7b2acd7493b4e48591236b1b6cbe291b86535ddc"}
}
