TN:
SF:src/App.js
FN:6,(anonymous_0)
FNF:1
FNH:1
FNDA:5,(anonymous_0)
DA:6,2
DA:7,5
LF:2
LH:2
BRF:0
BRH:0
end_of_record
TN:
SF:src/index.js
FNF:0
FNH:0
DA:7,0
DA:8,0
LF:2
LH:0
BRF:0
BRH:0
end_of_record
TN:
SF:src/store.js
FNF:0
FNH:0
DA:4,8
LF:1
LH:1
BRF:0
BRH:0
end_of_record
TN:
SF:src/api/tasks.js
FN:2,(anonymous_0)
FN:3,(anonymous_1)
FN:4,(anonymous_2)
FN:116,(anonymous_3)
FNF:4
FNH:4
FNDA:5,(anonymous_0)
FNDA:5,(anonymous_1)
FNDA:1,(anonymous_2)
FNDA:20,(anonymous_3)
DA:2,9
DA:3,5
DA:4,5
DA:5,1
DA:116,20
LF:5
LH:5
BRDA:119,0,0,7
BRDA:119,0,1,13
BRF:2
BRH:2
end_of_record
TN:
SF:src/components/common/EditColumnsModal.jsx
FN:77,(anonymous_0)
FN:78,(anonymous_1)
FN:103,(anonymous_2)
FN:104,(anonymous_3)
FN:109,(anonymous_4)
FN:118,(anonymous_5)
FN:119,(anonymous_6)
FN:120,(anonymous_7)
FN:124,(anonymous_8)
FN:128,(anonymous_9)
FN:136,(anonymous_10)
FN:137,(anonymous_11)
FN:138,(anonymous_12)
FN:159,(anonymous_13)
FN:164,(anonymous_14)
FN:174,(anonymous_15)
FN:175,(anonymous_16)
FN:179,(anonymous_17)
FN:180,(anonymous_18)
FN:181,(anonymous_19)
FN:190,(anonymous_20)
FNF:21
FNH:15
FNDA:12,(anonymous_0)
FNDA:12,(anonymous_1)
FNDA:4,(anonymous_2)
FNDA:7,(anonymous_3)
FNDA:2,(anonymous_4)
FNDA:1,(anonymous_5)
FNDA:1,(anonymous_6)
FNDA:6,(anonymous_7)
FNDA:0,(anonymous_8)
FNDA:0,(anonymous_9)
FNDA:1,(anonymous_10)
FNDA:6,(anonymous_11)
FNDA:5,(anonymous_12)
FNDA:32,(anonymous_13)
FNDA:1,(anonymous_14)
FNDA:24,(anonymous_15)
FNDA:22,(anonymous_16)
FNDA:0,(anonymous_17)
FNDA:0,(anonymous_18)
FNDA:0,(anonymous_19)
FNDA:0,(anonymous_20)
DA:6,4
DA:15,4
DA:24,4
DA:30,4
DA:34,4
DA:41,4
DA:46,4
DA:50,4
DA:56,4
DA:64,4
DA:71,4
DA:77,12
DA:78,12
DA:81,4
DA:92,4
DA:103,4
DA:104,7
DA:105,4
DA:106,4
DA:107,4
DA:109,4
DA:110,2
DA:111,2
DA:112,0
DA:113,0
DA:114,0
DA:118,4
DA:119,1
DA:120,6
DA:124,4
DA:125,0
DA:128,4
DA:129,0
DA:130,0
DA:131,0
DA:132,0
DA:133,0
DA:136,4
DA:137,6
DA:138,5
DA:139,1
DA:141,1
DA:142,1
DA:143,1
DA:144,1
DA:148,4
DA:160,32
DA:164,1
DA:174,24
DA:176,22
DA:179,0
DA:180,0
DA:181,0
DA:191,0
DA:195,0
DA:196,0
DA:197,0
LF:57
LH:41
BRDA:77,0,0,0
BRDA:77,0,1,12
BRDA:78,1,0,0
BRDA:78,1,1,12
BRDA:111,2,0,0
BRDA:111,2,1,2
BRDA:120,3,0,1
BRDA:120,3,1,0
BRF:8
BRH:4
end_of_record
TN:
SF:src/components/common/NavBar.jsx
FN:14,(anonymous_0)
FN:18,(anonymous_1)
FN:19,(anonymous_2)
FN:26,(anonymous_3)
FN:34,(anonymous_4)
FN:37,(anonymous_5)
FNF:6
FNH:4
FNDA:42,(anonymous_0)
FNDA:14,(anonymous_1)
FNDA:14,(anonymous_2)
FNDA:7,(anonymous_3)
FNDA:0,(anonymous_4)
FNDA:0,(anonymous_5)
DA:5,5
DA:13,5
DA:14,42
DA:18,14
DA:19,14
DA:26,5
DA:27,7
DA:28,7
DA:30,7
DA:34,0
DA:37,0
LF:11
LH:9
BRDA:18,0,0,4
BRDA:18,0,1,10
BRDA:19,1,0,4
BRDA:19,1,1,10
BRF:4
BRH:4
end_of_record
TN:
SF:src/components/dashboard/CompletedTasksChart.jsx
FN:5,(anonymous_0)
FN:6,(anonymous_1)
FN:11,(anonymous_2)
FN:19,(anonymous_3)
FN:23,(anonymous_4)
FNF:5
FNH:2
FNDA:3,(anonymous_0)
FNDA:6,(anonymous_1)
FNDA:0,(anonymous_2)
FNDA:0,(anonymous_3)
FNDA:0,(anonymous_4)
DA:5,4
DA:6,6
DA:8,3
DA:10,3
DA:12,0
DA:20,0
DA:23,3
DA:25,3
LF:8
LH:6
BRDA:12,0,0,0
BRDA:12,0,1,0
BRDA:12,0,2,0
BRDA:12,0,3,0
BRDA:12,0,4,0
BRDA:12,0,5,0
BRDA:12,0,6,0
BRDA:12,0,7,0
BRDA:20,1,0,0
BRDA:20,1,1,0
BRF:10
BRH:0
end_of_record
TN:
SF:src/components/dashboard/DueTasksChart.jsx
FN:5,(anonymous_0)
FN:6,(anonymous_1)
FN:10,(anonymous_2)
FN:18,(anonymous_3)
FN:22,(anonymous_4)
FNF:5
FNH:2
FNDA:2,(anonymous_0)
FNDA:4,(anonymous_1)
FNDA:0,(anonymous_2)
FNDA:0,(anonymous_3)
FNDA:0,(anonymous_4)
DA:5,3
DA:6,4
DA:7,2
DA:9,2
DA:11,0
DA:19,0
DA:22,2
DA:24,2
LF:8
LH:6
BRDA:11,0,0,0
BRDA:11,0,1,0
BRDA:11,0,2,0
BRDA:11,0,3,0
BRDA:11,0,4,0
BRDA:11,0,5,0
BRDA:11,0,6,0
BRDA:11,0,7,0
BRDA:11,0,8,0
BRDA:19,1,0,0
BRDA:19,1,1,0
BRF:11
BRH:0
end_of_record
TN:
SF:src/components/dashboard/EstimationPieChart.jsx
FN:7,(anonymous_0)
FN:8,(anonymous_1)
FN:17,(anonymous_2)
FN:25,(anonymous_3)
FN:33,(anonymous_4)
FN:50,(anonymous_5)
FNF:6
FNH:4
FNDA:2,(anonymous_0)
FNDA:4,(anonymous_1)
FNDA:0,(anonymous_2)
FNDA:0,(anonymous_3)
FNDA:8,(anonymous_4)
FNDA:8,(anonymous_5)
DA:5,3
DA:7,3
DA:8,4
DA:9,2
DA:16,2
DA:18,0
DA:26,0
DA:27,0
DA:28,0
DA:29,0
DA:30,0
DA:33,8
DA:38,2
DA:51,8
LF:14
LH:8
BRDA:18,0,0,0
BRDA:18,0,1,0
BRDA:18,0,2,0
BRDA:18,0,3,0
BRDA:18,0,4,0
BRDA:18,0,5,0
BRDA:18,0,6,0
BRDA:18,0,7,0
BRDA:18,0,8,0
BRDA:26,1,0,0
BRDA:26,1,1,0
BRDA:27,2,0,0
BRDA:27,2,1,0
BRDA:28,3,0,0
BRDA:28,3,1,0
BRDA:29,4,0,0
BRDA:29,4,1,0
BRF:17
BRH:0
end_of_record
TN:
SF:src/components/drawer/TaskDrawer.jsx
FN:66,(anonymous_0)
FN:108,(anonymous_1)
FNF:2
FNH:1
FNDA:10,(anonymous_0)
FNDA:0,(anonymous_1)
DA:4,4
DA:18,4
DA:29,4
DA:37,4
DA:43,4
DA:50,4
DA:55,4
DA:60,4
DA:66,4
DA:67,10
DA:69,0
DA:109,0
LF:12
LH:10
BRDA:67,0,0,10
BRDA:67,0,1,0
BRDA:104,1,0,0
BRDA:104,1,1,0
BRF:4
BRH:1
end_of_record
TN:
SF:src/components/table/FilterBar.jsx
FN:43,(anonymous_0)
FN:45,(anonymous_1)
FN:47,(anonymous_2)
FNF:3
FNH:3
FNDA:8,(anonymous_0)
FNDA:19,(anonymous_1)
FNDA:1,(anonymous_2)
DA:6,5
DA:14,5
DA:29,5
DA:43,5
DA:44,8
DA:45,19
DA:47,8
DA:48,1
DA:51,8
LF:9
LH:9
BRF:0
BRH:0
end_of_record
TN:
SF:src/components/table/TaskTable.jsx
FN:59,(anonymous_0)
FN:61,(anonymous_1)
FN:66,(anonymous_2)
FN:70,(anonymous_3)
FN:83,(anonymous_4)
FN:84,(anonymous_5)
FN:88,(anonymous_6)
FN:94,(anonymous_7)
FN:97,(anonymous_8)
FN:101,(anonymous_9)
FN:117,(anonymous_10)
FN:118,(anonymous_11)
FN:124,(anonymous_12)
FN:125,(anonymous_13)
FN:128,(anonymous_14)
FN:129,(anonymous_15)
FN:138,(anonymous_16)
FNF:17
FNH:12
FNDA:10,(anonymous_0)
FNDA:20,(anonymous_1)
FNDA:5,(anonymous_2)
FNDA:30,(anonymous_3)
FNDA:6,(anonymous_4)
FNDA:1,(anonymous_5)
FNDA:0,(anonymous_6)
FNDA:6,(anonymous_7)
FNDA:0,(anonymous_8)
FNDA:0,(anonymous_9)
FNDA:6,(anonymous_10)
FNDA:6,(anonymous_11)
FNDA:10,(anonymous_12)
FNDA:0,(anonymous_13)
FNDA:60,(anonymous_14)
FNDA:60,(anonymous_15)
FNDA:0,(anonymous_16)
DA:7,4
DA:18,4
DA:23,4
DA:30,4
DA:34,4
DA:41,4
DA:46,4
DA:53,4
DA:59,4
DA:60,10
DA:61,20
DA:62,10
DA:63,10
DA:64,10
DA:66,10
DA:67,5
DA:70,10
DA:71,30
DA:81,10
DA:83,10
DA:84,6
DA:85,1
DA:86,1
DA:87,1
DA:88,0
DA:90,1
DA:94,6
DA:97,10
DA:98,0
DA:99,0
DA:100,0
DA:101,0
DA:105,10
DA:117,6
DA:119,6
DA:125,10
DA:128,60
DA:130,60
DA:138,0
LF:39
LH:33
BRDA:72,0,0,30
BRDA:72,0,1,0
BRDA:72,0,2,30
BRDA:72,0,3,0
BRDA:72,0,4,30
BRDA:72,0,5,0
BRDA:72,0,6,30
BRDA:72,0,7,0
BRDA:72,0,8,0
BRDA:85,1,0,1
BRDA:85,1,1,0
BRDA:87,2,0,0
BRDA:87,2,1,1
BRDA:87,3,0,1
BRDA:87,3,1,1
BRDA:98,4,0,0
BRDA:98,4,1,0
BRDA:100,5,0,0
BRDA:100,5,1,0
BRDA:107,6,0,10
BRDA:107,6,1,5
BRDA:108,7,0,10
BRDA:108,7,1,0
BRDA:109,8,0,10
BRDA:109,8,1,5
BRDA:109,8,2,4
BRDA:111,9,0,10
BRDA:111,9,1,5
BRDA:111,9,2,1
BRF:29
BRH:17
end_of_record
TN:
SF:src/features/taskSlice.js
FN:26,(anonymous_0)
FN:36,(anonymous_1)
FN:39,(anonymous_2)
FN:44,(anonymous_3)
FN:46,(anonymous_4)
FN:50,(anonymous_5)
FN:54,(anonymous_6)
FNF:7
FNH:6
FNDA:5,(anonymous_0)
FNDA:2,(anonymous_1)
FNDA:2,(anonymous_2)
FNDA:9,(anonymous_3)
FNDA:5,(anonymous_4)
FNDA:1,(anonymous_5)
FNDA:0,(anonymous_6)
DA:5,9
DA:6,9
DA:9,9
DA:26,9
DA:27,5
DA:28,1
DA:32,9
DA:37,2
DA:40,2
DA:41,2
DA:45,9
DA:47,5
DA:48,5
DA:51,1
DA:52,1
DA:55,0
DA:56,0
DA:61,9
LF:18
LH:16
BRDA:6,0,0,0
BRDA:6,0,1,9
BRDA:19,1,0,9
BRDA:19,1,1,9
BRDA:56,2,0,0
BRDA:56,2,1,0
BRF:6
BRH:3
end_of_record
TN:
SF:src/pages/Dashboard.jsx
FN:20,(anonymous_0)
FNF:1
FNH:1
FNDA:2,(anonymous_0)
DA:9,3
DA:13,3
DA:20,3
DA:21,2
LF:4
LH:4
BRF:0
BRH:0
end_of_record
TN:
SF:src/pages/TableView.jsx
FN:18,(anonymous_0)
FN:27,(anonymous_1)
FN:29,(anonymous_2)
FNF:3
FNH:1
FNDA:4,(anonymous_0)
FNDA:0,(anonymous_1)
FNDA:0,(anonymous_2)
DA:8,3
DA:12,3
DA:18,3
DA:19,4
DA:21,4
DA:27,0
DA:29,0
LF:7
LH:5
BRDA:29,0,0,4
BRDA:29,0,1,0
BRF:2
BRH:1
end_of_record
