TN:
SF:src/store.js
FNF:0
FNH:0
DA:4,7
LF:1
LH:1
BRF:0
BRH:0
end_of_record
TN:
SF:src/components/common/EditColumnsModal.jsx
FN:77,(anonymous_0)
FN:78,(anonymous_1)
FN:105,(anonymous_2)
FN:106,(anonymous_3)
FN:111,(anonymous_4)
FN:120,(anonymous_5)
FN:121,(anonymous_6)
FN:122,(anonymous_7)
FN:126,(anonymous_8)
FN:130,(anonymous_9)
FN:138,(anonymous_10)
FN:139,(anonymous_11)
FN:140,(anonymous_12)
FN:161,(anonymous_13)
FN:166,(anonymous_14)
FN:176,(anonymous_15)
FN:177,(anonymous_16)
FN:181,(anonymous_17)
FN:182,(anonymous_18)
FN:183,(anonymous_19)
FN:192,(anonymous_20)
FNF:21
FNH:15
FNDA:12,(anonymous_0)
FNDA:12,(anonymous_1)
FNDA:4,(anonymous_2)
FNDA:7,(anonymous_3)
FNDA:2,(anonymous_4)
FNDA:1,(anonymous_5)
FNDA:1,(anonymous_6)
FNDA:6,(anonymous_7)
FNDA:0,(anonymous_8)
FNDA:0,(anonymous_9)
FNDA:1,(anonymous_10)
FNDA:6,(anonymous_11)
FNDA:5,(anonymous_12)
FNDA:36,(anonymous_13)
FNDA:1,(anonymous_14)
FNDA:24,(anonymous_15)
FNDA:22,(anonymous_16)
FNDA:0,(anonymous_17)
FNDA:0,(anonymous_18)
FNDA:0,(anonymous_19)
FNDA:0,(anonymous_20)
DA:6,4
DA:15,4
DA:24,4
DA:30,4
DA:34,4
DA:41,4
DA:46,4
DA:50,4
DA:56,4
DA:64,4
DA:71,4
DA:77,12
DA:78,12
DA:81,4
DA:93,4
DA:105,4
DA:106,7
DA:107,4
DA:108,4
DA:109,4
DA:111,4
DA:112,2
DA:113,2
DA:114,0
DA:115,0
DA:116,0
DA:120,4
DA:121,1
DA:122,6
DA:126,4
DA:127,0
DA:130,4
DA:131,0
DA:132,0
DA:133,0
DA:134,0
DA:135,0
DA:138,4
DA:139,6
DA:140,5
DA:141,1
DA:143,1
DA:144,1
DA:145,1
DA:146,1
DA:150,4
DA:162,36
DA:166,1
DA:176,24
DA:178,22
DA:181,0
DA:182,0
DA:183,0
DA:193,0
DA:197,0
DA:198,0
DA:199,0
LF:57
LH:41
BRDA:77,0,0,0
BRDA:77,0,1,12
BRDA:78,1,0,0
BRDA:78,1,1,12
BRDA:113,2,0,0
BRDA:113,2,1,2
BRDA:122,3,0,1
BRDA:122,3,1,0
BRF:8
BRH:4
end_of_record
TN:
SF:src/components/table/FilterBar.jsx
FN:43,(anonymous_0)
FN:45,(anonymous_1)
FN:47,(anonymous_2)
FNF:3
FNH:3
FNDA:8,(anonymous_0)
FNDA:19,(anonymous_1)
FNDA:1,(anonymous_2)
DA:6,5
DA:14,5
DA:29,5
DA:43,5
DA:44,8
DA:45,19
DA:47,8
DA:48,1
DA:51,8
LF:9
LH:9
BRF:0
BRH:0
end_of_record
TN:
SF:src/components/table/TaskTable.jsx
FN:80,(anonymous_0)
FN:82,(anonymous_1)
FN:87,(anonymous_2)
FN:91,(anonymous_3)
FN:104,(anonymous_4)
FN:105,(anonymous_5)
FN:109,(anonymous_6)
FN:115,(anonymous_7)
FN:118,(anonymous_8)
FN:122,(anonymous_9)
FN:138,(anonymous_10)
FN:139,(anonymous_11)
FN:145,(anonymous_12)
FN:146,(anonymous_13)
FN:149,(anonymous_14)
FN:150,(anonymous_15)
FN:159,(anonymous_16)
FNF:17
FNH:12
FNDA:10,(anonymous_0)
FNDA:20,(anonymous_1)
FNDA:5,(anonymous_2)
FNDA:30,(anonymous_3)
FNDA:6,(anonymous_4)
FNDA:1,(anonymous_5)
FNDA:0,(anonymous_6)
FNDA:6,(anonymous_7)
FNDA:0,(anonymous_8)
FNDA:0,(anonymous_9)
FNDA:6,(anonymous_10)
FNDA:6,(anonymous_11)
FNDA:10,(anonymous_12)
FNDA:0,(anonymous_13)
FNDA:60,(anonymous_14)
FNDA:60,(anonymous_15)
FNDA:0,(anonymous_16)
DA:7,4
DA:19,4
DA:28,4
DA:41,4
DA:45,4
DA:56,4
DA:67,4
DA:74,4
DA:80,4
DA:81,10
DA:82,20
DA:83,10
DA:84,10
DA:85,10
DA:87,10
DA:88,5
DA:91,10
DA:92,30
DA:102,10
DA:104,10
DA:105,6
DA:106,1
DA:107,1
DA:108,1
DA:109,0
DA:111,1
DA:115,6
DA:118,10
DA:119,0
DA:120,0
DA:121,0
DA:122,0
DA:126,10
DA:138,6
DA:140,6
DA:146,10
DA:149,60
DA:151,60
DA:159,0
LF:39
LH:33
BRDA:93,0,0,30
BRDA:93,0,1,0
BRDA:93,0,2,30
BRDA:93,0,3,0
BRDA:93,0,4,30
BRDA:93,0,5,0
BRDA:93,0,6,30
BRDA:93,0,7,0
BRDA:93,0,8,0
BRDA:106,1,0,1
BRDA:106,1,1,0
BRDA:108,2,0,0
BRDA:108,2,1,1
BRDA:108,3,0,1
BRDA:108,3,1,1
BRDA:119,4,0,0
BRDA:119,4,1,0
BRDA:121,5,0,0
BRDA:121,5,1,0
BRDA:128,6,0,10
BRDA:128,6,1,5
BRDA:129,7,0,10
BRDA:129,7,1,0
BRDA:130,8,0,10
BRDA:130,8,1,5
BRDA:130,8,2,4
BRDA:132,9,0,10
BRDA:132,9,1,5
BRDA:132,9,2,1
BRF:29
BRH:17
end_of_record
TN:
SF:src/pages/TableView.jsx
FN:18,(anonymous_0)
FN:27,(anonymous_1)
FN:29,(anonymous_2)
FNF:3
FNH:1
FNDA:4,(anonymous_0)
FNDA:0,(anonymous_1)
FNDA:0,(anonymous_2)
DA:8,3
DA:12,3
DA:18,3
DA:19,4
DA:21,4
DA:27,0
DA:29,0
LF:7
LH:5
BRDA:29,0,0,4
BRDA:29,0,1,0
BRF:2
BRH:1
end_of_record
